<?xml version="1.0" encoding="utf-8"?>
<testsuites time="23.336" tests="52" failures="52">
  <testsuite id="0" name="Source.TestSubmission.dll" tests="52" failures="52" time="23.336">
    <testcase classname="Codenation.Challenge.AccelerationModelTest" name="Codenation.Challenge.AccelerationModelTest.Should_Has_Table" time="0.0030000">
      <error message="System.InvalidOperationException : The property or navigation 'Challenge' cannot be added to the entity type 'Acceleration' because a property or navigation with the same name already exists on entity type 'Acceleration'.">   at Microsoft.EntityFrameworkCore.Metadata.Internal.EntityType.AddNavigation(PropertyIdentity propertyIdentity, ForeignKey foreignKey, Boolean pointsToPrincipal)
   at Microsoft.EntityFrameworkCore.Metadata.Internal.ForeignKey.Navigation(Nullable`1 propertyIdentity, ConfigurationSource configurationSource, Boolean pointsToPrincipal)
   at Microsoft.EntityFrameworkCore.Metadata.Internal.ForeignKey.HasDependentToPrincipal(MemberInfo property, ConfigurationSource configurationSource)
   at Microsoft.EntityFrameworkCore.Metadata.Internal.InternalRelationshipBuilder.Navigations(Nullable`1 navigationToPrincipal, Nullable`1 navigationToDependent, EntityType principalEntityType, EntityType dependentEntityType, Nullable`1 configurationSource)
   at Microsoft.EntityFrameworkCore.Metadata.Internal.InternalRelationshipBuilder.Navigations(Nullable`1 navigationToPrincipal, Nullable`1 navigationToDependent, Nullable`1 configurationSource)
   at Microsoft.EntityFrameworkCore.Metadata.Internal.InternalRelationshipBuilder.DependentToPrincipal(MemberInfo property, ConfigurationSource configurationSource)
   at Microsoft.EntityFrameworkCore.Metadata.Builders.CollectionNavigationBuilder.WithOneBuilder(PropertyIdentity reference)
   at Microsoft.EntityFrameworkCore.Metadata.Builders.CollectionNavigationBuilder`2.WithOne(Expression`1 navigationExpression)
   at Codenation.Challenge.Models.CodenationContext.&lt;&gt;c.&lt;OnModelCreating&gt;b__25_1(EntityTypeBuilder`1 eb) in C:\Users\luiz_\codenation\csharp-7\Source\Models\CodenationContext.cs:line 47
   at Microsoft.EntityFrameworkCore.ModelBuilder.Entity[TEntity](Action`1 buildAction)
   at Codenation.Challenge.Models.CodenationContext.OnModelCreating(ModelBuilder mb) in C:\Users\luiz_\codenation\csharp-7\Source\Models\CodenationContext.cs:line 37
   at Microsoft.EntityFrameworkCore.Infrastructure.ModelSource.CreateModel(DbContext context, IConventionSetBuilder conventionSetBuilder, IModelValidator validator)
   at System.Lazy`1.ViaFactory(LazyThreadSafetyMode mode)
--- End of stack trace from previous location where exception was thrown ---
   at System.Lazy`1.CreateValue()
   at Microsoft.EntityFrameworkCore.Internal.DbContextServices.CreateModel()
   at Microsoft.EntityFrameworkCore.Internal.DbContextServices.get_Model()
   at lambda_method(Closure , ServiceProviderEngineScope )
   at Microsoft.Extensions.DependencyInjection.ServiceProviderServiceExtensions.GetRequiredService(IServiceProvider provider, Type serviceType)
   at Microsoft.Extensions.DependencyInjection.ServiceProviderServiceExtensions.GetRequiredService[T](IServiceProvider provider)
   at Microsoft.EntityFrameworkCore.DbContext.get_DbContextDependencies()
   at Microsoft.EntityFrameworkCore.DbContext.get_InternalServiceProvider()
   at Microsoft.EntityFrameworkCore.DbContext.get_DbContextDependencies()
--- End of stack trace from previous location where exception was thrown ---
   at Microsoft.EntityFrameworkCore.DbContext.get_Model()
   at Codenation.Challenge.ModelBaseTest.GetEntity() in C:\Users\luiz_\codenation\csharp-7\Source.TestSubmission\ModelBaseTest.cs:line 26
   at System.Lazy`1.CreateValue()
   at Codenation.Challenge.ModelBaseTest.AssertField(String fieldName, Boolean isNullable, Type fieldType, Nullable`1 fieldSize) in C:\Users\luiz_\codenation\csharp-7\Source.TestSubmission\ModelBaseTest.cs:line 92
   at Codenation.Challenge.ChallengeModelTest.Should_Has_Field(String fieldName, Boolean isNullable, Type fieldType, Nullable`1 fieldSize) in C:\Users\luiz_\codenation\csharp-7\Source.TestSubmission\ChallengeModelTest.cs:line 35
   at Microsoft.EntityFrameworkCore.Internal.DbContextServices.get_Model()
   at lambda_method(Closure , ServiceProviderEngineScope )
   at Microsoft.Extensions.DependencyInjection.ServiceProviderServiceExtensions.GetRequiredService(IServiceProvider provider, Type serviceType)
   at Microsoft.Extensions.DependencyInjection.ServiceProviderServiceExtensions.GetRequiredService[T](IServiceProvider provider)
   at Microsoft.EntityFrameworkCore.DbContext.get_DbContextDependencies()
   at Microsoft.EntityFrameworkCore.DbContext.get_InternalServiceProvider()
   at Microsoft.EntityFrameworkCore.DbContext.get_DbContextDependencies()
   at Microsoft.EntityFrameworkCore.DbContext.get_Model()
   at Codenation.Challenge.ModelBaseTest.GetEntity() in C:\Users\luiz_\codenation\csharp-7\Source.TestSubmission\ModelBaseTest.cs:line 26
   at Codenation.Challenge.ModelBaseTest.AssertTable() in C:\Users\luiz_\codenation\csharp-7\Source.TestSubmission\ModelBaseTest.cs:line 74
   at Codenation.Challenge.AccelerationModelTest.Should_Has_Table() in C:\Users\luiz_\codenation\csharp-7\Source.TestSubmission\AccelerationModelTest.cs:line 19</error>
    </testcase>
    <testcase classname="Codenation.Challenge.AccelerationModelTest" name="Codenation.Challenge.AccelerationModelTest.Should_Has_Field(fieldName: &quot;created_at&quot;, isNullable: False, fieldType: typeof(System.DateTime), fieldSize: null)" time="0.0020000">
      <error message="System.InvalidOperationException : The property or navigation 'Challenge' cannot be added to the entity type 'Acceleration' because a property or navigation with the same name already exists on entity type 'Acceleration'.">   at Microsoft.EntityFrameworkCore.Metadata.Internal.EntityType.AddNavigation(PropertyIdentity propertyIdentity, ForeignKey foreignKey, Boolean pointsToPrincipal)
   at Microsoft.EntityFrameworkCore.Metadata.Internal.ForeignKey.Navigation(Nullable`1 propertyIdentity, ConfigurationSource configurationSource, Boolean pointsToPrincipal)
   at Microsoft.EntityFrameworkCore.Metadata.Internal.ForeignKey.HasDependentToPrincipal(MemberInfo property, ConfigurationSource configurationSource)
   at Microsoft.EntityFrameworkCore.Metadata.Internal.InternalRelationshipBuilder.Navigations(Nullable`1 navigationToPrincipal, Nullable`1 navigationToDependent, EntityType principalEntityType, EntityType dependentEntityType, Nullable`1 configurationSource)
   at Microsoft.EntityFrameworkCore.Metadata.Internal.InternalRelationshipBuilder.Navigations(Nullable`1 navigationToPrincipal, Nullable`1 navigationToDependent, Nullable`1 configurationSource)
   at Microsoft.EntityFrameworkCore.Metadata.Internal.InternalRelationshipBuilder.DependentToPrincipal(MemberInfo property, ConfigurationSource configurationSource)
   at Microsoft.EntityFrameworkCore.Metadata.Builders.CollectionNavigationBuilder.WithOneBuilder(PropertyIdentity reference)
   at Microsoft.EntityFrameworkCore.Metadata.Builders.CollectionNavigationBuilder`2.WithOne(Expression`1 navigationExpression)
   at Codenation.Challenge.Models.CodenationContext.&lt;&gt;c.&lt;OnModelCreating&gt;b__25_1(EntityTypeBuilder`1 eb) in C:\Users\luiz_\codenation\csharp-7\Source\Models\CodenationContext.cs:line 47
   at Microsoft.EntityFrameworkCore.ModelBuilder.Entity[TEntity](Action`1 buildAction)
   at Codenation.Challenge.Models.CodenationContext.OnModelCreating(ModelBuilder mb) in C:\Users\luiz_\codenation\csharp-7\Source\Models\CodenationContext.cs:line 37
   at Microsoft.EntityFrameworkCore.Infrastructure.ModelSource.CreateModel(DbContext context, IConventionSetBuilder conventionSetBuilder, IModelValidator validator)
   at System.Lazy`1.ViaFactory(LazyThreadSafetyMode mode)
--- End of stack trace from previous location where exception was thrown ---
   at System.Lazy`1.CreateValue()
   at Microsoft.EntityFrameworkCore.Internal.DbContextServices.CreateModel()
   at Microsoft.EntityFrameworkCore.Internal.DbContextServices.get_Model()
   at lambda_method(Closure , ServiceProviderEngineScope )
   at Microsoft.Extensions.DependencyInjection.ServiceProviderServiceExtensions.GetRequiredService(IServiceProvider provider, Type serviceType)
   at Microsoft.Extensions.DependencyInjection.ServiceProviderServiceExtensions.GetRequiredService[T](IServiceProvider provider)
   at Microsoft.EntityFrameworkCore.DbContext.get_DbContextDependencies()
   at Microsoft.EntityFrameworkCore.DbContext.get_InternalServiceProvider()
   at Microsoft.EntityFrameworkCore.DbContext.get_DbContextDependencies()
   at Microsoft.EntityFrameworkCore.DbContext.get_Model()
   at Codenation.Challenge.ModelBaseTest.GetEntity() in C:\Users\luiz_\codenation\csharp-7\Source.TestSubmission\ModelBaseTest.cs:line 26
   at Codenation.Challenge.ModelBaseTest.AssertField(String fieldName, Boolean isNullable, Type fieldType, Nullable`1 fieldSize) in C:\Users\luiz_\codenation\csharp-7\Source.TestSubmission\ModelBaseTest.cs:line 92
   at Codenation.Challenge.AccelerationModelTest.Should_Has_Field(String fieldName, Boolean isNullable, Type fieldType, Nullable`1 fieldSize) in C:\Users\luiz_\codenation\csharp-7\Source.TestSubmission\AccelerationModelTest.cs:line 36</error>
    </testcase>
    <testcase classname="Codenation.Challenge.AccelerationModelTest" name="Codenation.Challenge.AccelerationModelTest.Should_Has_Field(fieldName: &quot;id&quot;, isNullable: False, fieldType: typeof(int), fieldSize: null)" time="0.0030000">
      <error message="System.InvalidOperationException : The property or navigation 'Challenge' cannot be added to the entity type 'Acceleration' because a property or navigation with the same name already exists on entity type 'Acceleration'.">   at Microsoft.EntityFrameworkCore.Metadata.Internal.EntityType.AddNavigation(PropertyIdentity propertyIdentity, ForeignKey foreignKey, Boolean pointsToPrincipal)
   at Microsoft.EntityFrameworkCore.Metadata.Internal.ForeignKey.Navigation(Nullable`1 propertyIdentity, ConfigurationSource configurationSource, Boolean pointsToPrincipal)
   at Microsoft.EntityFrameworkCore.Metadata.Internal.ForeignKey.HasDependentToPrincipal(MemberInfo property, ConfigurationSource configurationSource)
   at Microsoft.EntityFrameworkCore.Metadata.Internal.InternalRelationshipBuilder.Navigations(Nullable`1 navigationToPrincipal, Nullable`1 navigationToDependent, EntityType principalEntityType, EntityType dependentEntityType, Nullable`1 configurationSource)
   at Microsoft.EntityFrameworkCore.Metadata.Internal.InternalRelationshipBuilder.Navigations(Nullable`1 navigationToPrincipal, Nullable`1 navigationToDependent, Nullable`1 configurationSource)
   at Microsoft.EntityFrameworkCore.Metadata.Internal.InternalRelationshipBuilder.DependentToPrincipal(MemberInfo property, ConfigurationSource configurationSource)
   at Microsoft.EntityFrameworkCore.Metadata.Builders.CollectionNavigationBuilder.WithOneBuilder(PropertyIdentity reference)
   at Microsoft.EntityFrameworkCore.Metadata.Builders.CollectionNavigationBuilder`2.WithOne(Expression`1 navigationExpression)
   at Codenation.Challenge.Models.CodenationContext.&lt;&gt;c.&lt;OnModelCreating&gt;b__25_1(EntityTypeBuilder`1 eb) in C:\Users\luiz_\codenation\csharp-7\Source\Models\CodenationContext.cs:line 47
   at Microsoft.EntityFrameworkCore.ModelBuilder.Entity[TEntity](Action`1 buildAction)
   at Codenation.Challenge.Models.CodenationContext.OnModelCreating(ModelBuilder mb) in C:\Users\luiz_\codenation\csharp-7\Source\Models\CodenationContext.cs:line 37
   at Microsoft.EntityFrameworkCore.Infrastructure.ModelSource.CreateModel(DbContext context, IConventionSetBuilder conventionSetBuilder, IModelValidator validator)
   at System.Lazy`1.ViaFactory(LazyThreadSafetyMode mode)
--- End of stack trace from previous location where exception was thrown ---
   at System.Lazy`1.CreateValue()
   at Microsoft.EntityFrameworkCore.Internal.DbContextServices.CreateModel()
   at Microsoft.EntityFrameworkCore.Internal.DbContextServices.get_Model()
   at lambda_method(Closure , ServiceProviderEngineScope )
   at Microsoft.Extensions.DependencyInjection.ServiceProviderServiceExtensions.GetRequiredService(IServiceProvider provider, Type serviceType)
   at Microsoft.Extensions.DependencyInjection.ServiceProviderServiceExtensions.GetRequiredService[T](IServiceProvider provider)
   at Microsoft.EntityFrameworkCore.DbContext.get_DbContextDependencies()
   at Microsoft.EntityFrameworkCore.DbContext.get_InternalServiceProvider()
   at Microsoft.EntityFrameworkCore.DbContext.get_DbContextDependencies()
   at Microsoft.EntityFrameworkCore.DbContext.get_Model()
   at Codenation.Challenge.ModelBaseTest.GetEntity() in C:\Users\luiz_\codenation\csharp-7\Source.TestSubmission\ModelBaseTest.cs:line 26
   at Codenation.Challenge.ModelBaseTest.AssertField(String fieldName, Boolean isNullable, Type fieldType, Nullable`1 fieldSize) in C:\Users\luiz_\codenation\csharp-7\Source.TestSubmission\ModelBaseTest.cs:line 92
   at Codenation.Challenge.AccelerationModelTest.Should_Has_Field(String fieldName, Boolean isNullable, Type fieldType, Nullable`1 fieldSize) in C:\Users\luiz_\codenation\csharp-7\Source.TestSubmission\AccelerationModelTest.cs:line 36
--- End of stack trace from previous location where exception was thrown ---
   at System.Lazy`1.CreateValue()
   at Microsoft.EntityFrameworkCore.Internal.DbContextServices.CreateModel()
   at Microsoft.EntityFrameworkCore.Internal.DbContextServices.get_Model()
   at lambda_method(Closure , ServiceProviderEngineScope )
   at Microsoft.Extensions.DependencyInjection.ServiceProviderServiceExtensions.GetRequiredService(IServiceProvider provider, Type serviceType)
   at Microsoft.Extensions.DependencyInjection.ServiceProviderServiceExtensions.GetRequiredService[T](IServiceProvider provider)
   at Microsoft.EntityFrameworkCore.DbContext.get_DbContextDependencies()
   at Microsoft.EntityFrameworkCore.DbContext.get_InternalServiceProvider()
   at Microsoft.EntityFrameworkCore.DbContext.get_DbContextDependencies()
   at Microsoft.EntityFrameworkCore.DbContext.get_Model()
   at Codenation.Challenge.ModelBaseTest.GetEntity() in C:\Users\luiz_\codenation\csharp-7\Source.TestSubmission\ModelBaseTest.cs:line 26
   at Codenation.Challenge.ModelBaseTest.AssertField(String fieldName, Boolean isNullable, Type fieldType, Nullable`1 fieldSize) in C:\Users\luiz_\codenation\csharp-7\Source.TestSubmission\ModelBaseTest.cs:line 92
   at Codenation.Challenge.ChallengeModelTest.Should_Has_Field(String fieldName, Boolean isNullable, Type fieldType, Nullable`1 fieldSize) in C:\Users\luiz_\codenation\csharp-7\Source.TestSubmission\ChallengeModelTest.cs:line 35</error>
    </testcase>
    <testcase classname="Codenation.Challenge.AccelerationModelTest" name="Codenation.Challenge.AccelerationModelTest.Should_Has_Field(fieldName: &quot;challenge_id&quot;, isNullable: False, fieldType: typeof(int), fieldSize: null)" time="0.0010000">
      <error message="System.InvalidOperationException : The property or navigation 'Challenge' cannot be added to the entity type 'Acceleration' because a property or navigation with the same name already exists on entity type 'Acceleration'.">   at Microsoft.EntityFrameworkCore.Metadata.Internal.EntityType.AddNavigation(PropertyIdentity propertyIdentity, ForeignKey foreignKey, Boolean pointsToPrincipal)
   at Microsoft.EntityFrameworkCore.Metadata.Internal.ForeignKey.Navigation(Nullable`1 propertyIdentity, ConfigurationSource configurationSource, Boolean pointsToPrincipal)
   at Microsoft.EntityFrameworkCore.Metadata.Internal.ForeignKey.HasDependentToPrincipal(MemberInfo property, ConfigurationSource configurationSource)
   at Microsoft.EntityFrameworkCore.Metadata.Internal.InternalRelationshipBuilder.Navigations(Nullable`1 navigationToPrincipal, Nullable`1 navigationToDependent, EntityType principalEntityType, EntityType dependentEntityType, Nullable`1 configurationSource)
   at Microsoft.EntityFrameworkCore.Metadata.Internal.InternalRelationshipBuilder.Navigations(Nullable`1 navigationToPrincipal, Nullable`1 navigationToDependent, Nullable`1 configurationSource)
   at Microsoft.EntityFrameworkCore.Metadata.Internal.InternalRelationshipBuilder.DependentToPrincipal(MemberInfo property, ConfigurationSource configurationSource)
   at Microsoft.EntityFrameworkCore.Metadata.Builders.CollectionNavigationBuilder.WithOneBuilder(PropertyIdentity reference)
   at Microsoft.EntityFrameworkCore.Metadata.Builders.CollectionNavigationBuilder`2.WithOne(Expression`1 navigationExpression)
   at Codenation.Challenge.Models.CodenationContext.&lt;&gt;c.&lt;OnModelCreating&gt;b__25_1(EntityTypeBuilder`1 eb) in C:\Users\luiz_\codenation\csharp-7\Source\Models\CodenationContext.cs:line 47
   at Microsoft.EntityFrameworkCore.ModelBuilder.Entity[TEntity](Action`1 buildAction)
   at Codenation.Challenge.Models.CodenationContext.OnModelCreating(ModelBuilder mb) in C:\Users\luiz_\codenation\csharp-7\Source\Models\CodenationContext.cs:line 37
   at Microsoft.EntityFrameworkCore.Infrastructure.ModelSource.CreateModel(DbContext context, IConventionSetBuilder conventionSetBuilder, IModelValidator validator)
   at System.Lazy`1.ViaFactory(LazyThreadSafetyMode mode)
--- End of stack trace from previous location where exception was thrown ---
   at System.Lazy`1.CreateValue()
   at Microsoft.EntityFrameworkCore.Internal.DbContextServices.CreateModel()
   at Microsoft.EntityFrameworkCore.Internal.DbContextServices.get_Model()
   at lambda_method(Closure , ServiceProviderEngineScope )
   at Microsoft.Extensions.DependencyInjection.ServiceProviderServiceExtensions.GetRequiredService(IServiceProvider provider, Type serviceType)
   at Microsoft.Extensions.DependencyInjection.ServiceProviderServiceExtensions.GetRequiredService[T](IServiceProvider provider)
   at Microsoft.EntityFrameworkCore.DbContext.get_DbContextDependencies()
   at Microsoft.EntityFrameworkCore.DbContext.get_InternalServiceProvider()
   at Microsoft.EntityFrameworkCore.DbContext.get_DbContextDependencies()
   at Microsoft.EntityFrameworkCore.DbContext.get_Model()
   at Codenation.Challenge.ModelBaseTest.GetEntity() in C:\Users\luiz_\codenation\csharp-7\Source.TestSubmission\ModelBaseTest.cs:line 26
   at Codenation.Challenge.ModelBaseTest.AssertField(String fieldName, Boolean isNullable, Type fieldType, Nullable`1 fieldSize) in C:\Users\luiz_\codenation\csharp-7\Source.TestSubmission\ModelBaseTest.cs:line 92
   at Codenation.Challenge.AccelerationModelTest.Should_Has_Field(String fieldName, Boolean isNullable, Type fieldType, Nullable`1 fieldSize) in C:\Users\luiz_\codenation\csharp-7\Source.TestSubmission\AccelerationModelTest.cs:line 36</error>
    </testcase>
    <testcase classname="Codenation.Challenge.AccelerationModelTest" name="Codenation.Challenge.AccelerationModelTest.Should_Has_Field(fieldName: &quot;name&quot;, isNullable: False, fieldType: typeof(string), fieldSize: 100)" time="0.5110000">
      <error message="System.InvalidOperationException : The property or navigation 'Challenge' cannot be added to the entity type 'Acceleration' because a property or navigation with the same name already exists on entity type 'Acceleration'.">   at Microsoft.EntityFrameworkCore.Metadata.Internal.EntityType.AddNavigation(PropertyIdentity propertyIdentity, ForeignKey foreignKey, Boolean pointsToPrincipal)
   at Microsoft.EntityFrameworkCore.Metadata.Internal.ForeignKey.Navigation(Nullable`1 propertyIdentity, ConfigurationSource configurationSource, Boolean pointsToPrincipal)
   at Microsoft.EntityFrameworkCore.Metadata.Internal.ForeignKey.HasDependentToPrincipal(MemberInfo property, ConfigurationSource configurationSource)
   at Microsoft.EntityFrameworkCore.Metadata.Internal.InternalRelationshipBuilder.Navigations(Nullable`1 navigationToPrincipal, Nullable`1 navigationToDependent, EntityType principalEntityType, EntityType dependentEntityType, Nullable`1 configurationSource)
   at Microsoft.EntityFrameworkCore.Metadata.Internal.InternalRelationshipBuilder.Navigations(Nullable`1 navigationToPrincipal, Nullable`1 navigationToDependent, Nullable`1 configurationSource)
   at Microsoft.EntityFrameworkCore.Metadata.Internal.InternalRelationshipBuilder.DependentToPrincipal(MemberInfo property, ConfigurationSource configurationSource)
   at Microsoft.EntityFrameworkCore.Metadata.Builders.CollectionNavigationBuilder.WithOneBuilder(PropertyIdentity reference)
   at Microsoft.EntityFrameworkCore.Metadata.Builders.CollectionNavigationBuilder`2.WithOne(Expression`1 navigationExpression)
   at Codenation.Challenge.Models.CodenationContext.&lt;&gt;c.&lt;OnModelCreating&gt;b__25_1(EntityTypeBuilder`1 eb) in C:\Users\luiz_\codenation\csharp-7\Source\Models\CodenationContext.cs:line 47
   at Microsoft.EntityFrameworkCore.ModelBuilder.Entity[TEntity](Action`1 buildAction)
   at Codenation.Challenge.Models.CodenationContext.OnModelCreating(ModelBuilder mb) in C:\Users\luiz_\codenation\csharp-7\Source\Models\CodenationContext.cs:line 37
   at Microsoft.EntityFrameworkCore.Infrastructure.ModelSource.CreateModel(DbContext context, IConventionSetBuilder conventionSetBuilder, IModelValidator validator)
   at System.Lazy`1.ViaFactory(LazyThreadSafetyMode mode)
--- End of stack trace from previous location where exception was thrown ---
   at System.Lazy`1.CreateValue()</error>
    </testcase>
    <testcase classname="Codenation.Challenge.AccelerationModelTest" name="Codenation.Challenge.AccelerationModelTest.Should_Has_Field(fieldName: &quot;slug&quot;, isNullable: False, fieldType: typeof(string), fieldSize: 50)" time="0.0020000">
      <error message="System.InvalidOperationException : The property or navigation 'Challenge' cannot be added to the entity type 'Acceleration' because a property or navigation with the same name already exists on entity type 'Acceleration'.">   at Microsoft.EntityFrameworkCore.Metadata.Internal.EntityType.AddNavigation(PropertyIdentity propertyIdentity, ForeignKey foreignKey, Boolean pointsToPrincipal)
   at Microsoft.EntityFrameworkCore.Metadata.Internal.ForeignKey.Navigation(Nullable`1 propertyIdentity, ConfigurationSource configurationSource, Boolean pointsToPrincipal)
   at Microsoft.EntityFrameworkCore.Metadata.Internal.ForeignKey.HasDependentToPrincipal(MemberInfo property, ConfigurationSource configurationSource)
   at Microsoft.EntityFrameworkCore.Metadata.Internal.InternalRelationshipBuilder.Navigations(Nullable`1 navigationToPrincipal, Nullable`1 navigationToDependent, EntityType principalEntityType, EntityType dependentEntityType, Nullable`1 configurationSource)
   at Microsoft.EntityFrameworkCore.Metadata.Internal.InternalRelationshipBuilder.Navigations(Nullable`1 navigationToPrincipal, Nullable`1 navigationToDependent, Nullable`1 configurationSource)
   at Microsoft.EntityFrameworkCore.Metadata.Internal.InternalRelationshipBuilder.DependentToPrincipal(MemberInfo property, ConfigurationSource configurationSource)
   at Microsoft.EntityFrameworkCore.Metadata.Builders.CollectionNavigationBuilder.WithOneBuilder(PropertyIdentity reference)
   at Microsoft.EntityFrameworkCore.Metadata.Builders.CollectionNavigationBuilder`2.WithOne(Expression`1 navigationExpression)
   at Codenation.Challenge.Models.CodenationContext.&lt;&gt;c.&lt;OnModelCreating&gt;b__25_1(EntityTypeBuilder`1 eb) in C:\Users\luiz_\codenation\csharp-7\Source\Models\CodenationContext.cs:line 47
   at Microsoft.EntityFrameworkCore.ModelBuilder.Entity[TEntity](Action`1 buildAction)
   at Codenation.Challenge.Models.CodenationContext.OnModelCreating(ModelBuilder mb) in C:\Users\luiz_\codenation\csharp-7\Source\Models\CodenationContext.cs:line 37
   at Microsoft.EntityFrameworkCore.Infrastructure.ModelSource.CreateModel(DbContext context, IConventionSetBuilder conventionSetBuilder, IModelValidator validator)
   at System.Lazy`1.ViaFactory(LazyThreadSafetyMode mode)
--- End of stack trace from previous location where exception was thrown ---
   at System.Lazy`1.CreateValue()
   at Microsoft.EntityFrameworkCore.Internal.DbContextServices.CreateModel()
   at Microsoft.EntityFrameworkCore.Internal.DbContextServices.get_Model()
   at lambda_method(Closure , ServiceProviderEngineScope )
   at Microsoft.Extensions.DependencyInjection.ServiceProviderServiceExtensions.GetRequiredService(IServiceProvider provider, Type serviceType)
   at Microsoft.Extensions.DependencyInjection.ServiceProviderServiceExtensions.GetRequiredService[T](IServiceProvider provider)
   at Microsoft.EntityFrameworkCore.DbContext.get_DbContextDependencies()
   at Microsoft.EntityFrameworkCore.DbContext.get_InternalServiceProvider()
   at Microsoft.EntityFrameworkCore.DbContext.get_DbContextDependencies()
   at Microsoft.EntityFrameworkCore.DbContext.get_Model()
   at Codenation.Challenge.ModelBaseTest.GetEntity() in C:\Users\luiz_\codenation\csharp-7\Source.TestSubmission\ModelBaseTest.cs:line 26
   at Codenation.Challenge.ModelBaseTest.AssertField(String fieldName, Boolean isNullable, Type fieldType, Nullable`1 fieldSize) in C:\Users\luiz_\codenation\csharp-7\Source.TestSubmission\ModelBaseTest.cs:line 92
   at Codenation.Challenge.AccelerationModelTest.Should_Has_Field(String fieldName, Boolean isNullable, Type fieldType, Nullable`1 fieldSize) in C:\Users\luiz_\codenation\csharp-7\Source.TestSubmission\AccelerationModelTest.cs:line 36</error>
    </testcase>
    <testcase classname="Codenation.Challenge.AccelerationModelTest" name="Codenation.Challenge.AccelerationModelTest.Should_Has_Primary_Key" time="0.0020000">
      <error message="System.InvalidOperationException : The property or navigation 'Challenge' cannot be added to the entity type 'Acceleration' because a property or navigation with the same name already exists on entity type 'Acceleration'.">   at Microsoft.EntityFrameworkCore.Metadata.Internal.EntityType.AddNavigation(PropertyIdentity propertyIdentity, ForeignKey foreignKey, Boolean pointsToPrincipal)
   at Microsoft.EntityFrameworkCore.Metadata.Internal.ForeignKey.Navigation(Nullable`1 propertyIdentity, ConfigurationSource configurationSource, Boolean pointsToPrincipal)
   at Microsoft.EntityFrameworkCore.Metadata.Internal.ForeignKey.HasDependentToPrincipal(MemberInfo property, ConfigurationSource configurationSource)
   at Microsoft.EntityFrameworkCore.Metadata.Internal.InternalRelationshipBuilder.Navigations(Nullable`1 navigationToPrincipal, Nullable`1 navigationToDependent, EntityType principalEntityType, EntityType dependentEntityType, Nullable`1 configurationSource)
   at Microsoft.EntityFrameworkCore.Metadata.Internal.InternalRelationshipBuilder.Navigations(Nullable`1 navigationToPrincipal, Nullable`1 navigationToDependent, Nullable`1 configurationSource)
   at Microsoft.EntityFrameworkCore.Metadata.Internal.InternalRelationshipBuilder.DependentToPrincipal(MemberInfo property, ConfigurationSource configurationSource)
   at Microsoft.EntityFrameworkCore.Metadata.Builders.CollectionNavigationBuilder.WithOneBuilder(PropertyIdentity reference)
   at Microsoft.EntityFrameworkCore.Metadata.Builders.CollectionNavigationBuilder`2.WithOne(Expression`1 navigationExpression)
   at Codenation.Challenge.Models.CodenationContext.&lt;&gt;c.&lt;OnModelCreating&gt;b__25_1(EntityTypeBuilder`1 eb) in C:\Users\luiz_\codenation\csharp-7\Source\Models\CodenationContext.cs:line 47
   at Microsoft.EntityFrameworkCore.ModelBuilder.Entity[TEntity](Action`1 buildAction)
   at Codenation.Challenge.Models.CodenationContext.OnModelCreating(ModelBuilder mb) in C:\Users\luiz_\codenation\csharp-7\Source\Models\CodenationContext.cs:line 37
   at Microsoft.EntityFrameworkCore.Infrastructure.ModelSource.CreateModel(DbContext context, IConventionSetBuilder conventionSetBuilder, IModelValidator validator)
   at System.Lazy`1.ViaFactory(LazyThreadSafetyMode mode)
--- End of stack trace from previous location where exception was thrown ---
   at System.Lazy`1.CreateValue()
   at Microsoft.EntityFrameworkCore.Internal.DbContextServices.CreateModel()
   at Microsoft.EntityFrameworkCore.Internal.DbContextServices.get_Model()
   at lambda_method(Closure , ServiceProviderEngineScope )
   at Microsoft.Extensions.DependencyInjection.ServiceProviderServiceExtensions.GetRequiredService(IServiceProvider provider, Type serviceType)
   at Microsoft.Extensions.DependencyInjection.ServiceProviderServiceExtensions.GetRequiredService[T](IServiceProvider provider)
   at Microsoft.EntityFrameworkCore.DbContext.get_DbContextDependencies()
   at Microsoft.EntityFrameworkCore.DbContext.get_InternalServiceProvider()
   at Microsoft.EntityFrameworkCore.DbContext.get_DbContextDependencies()
   at Microsoft.EntityFrameworkCore.DbContext.get_Model()
   at Codenation.Challenge.ModelBaseTest.GetEntity() in C:\Users\luiz_\codenation\csharp-7\Source.TestSubmission\ModelBaseTest.cs:line 26
   at Codenation.Challenge.ModelBaseTest.AssertPrimaryKeys(String[] keys) in C:\Users\luiz_\codenation\csharp-7\Source.TestSubmission\ModelBaseTest.cs:line 82
   at Codenation.Challenge.AccelerationModelTest.Should_Has_Primary_Key() in C:\Users\luiz_\codenation\csharp-7\Source.TestSubmission\AccelerationModelTest.cs:line 25</error>
    </testcase>
    <testcase classname="Codenation.Challenge.AccelerationModelTest" name="Codenation.Challenge.AccelerationModelTest.Should_Has_Children_Navigation(childrenTable: &quot;candidate&quot;)" time="0.0020000">
      <error message="System.InvalidOperationException : The property or navigation 'Challenge' cannot be added to the entity type 'Acceleration' because a property or navigation with the same name already exists on entity type 'Acceleration'.">   at Microsoft.EntityFrameworkCore.Metadata.Internal.EntityType.AddNavigation(PropertyIdentity propertyIdentity, ForeignKey foreignKey, Boolean pointsToPrincipal)
   at Microsoft.EntityFrameworkCore.Metadata.Internal.ForeignKey.Navigation(Nullable`1 propertyIdentity, ConfigurationSource configurationSource, Boolean pointsToPrincipal)
   at Microsoft.EntityFrameworkCore.Metadata.Internal.ForeignKey.HasDependentToPrincipal(MemberInfo property, ConfigurationSource configurationSource)
   at Microsoft.EntityFrameworkCore.Metadata.Internal.InternalRelationshipBuilder.Navigations(Nullable`1 navigationToPrincipal, Nullable`1 navigationToDependent, EntityType principalEntityType, EntityType dependentEntityType, Nullable`1 configurationSource)
   at Microsoft.EntityFrameworkCore.Metadata.Internal.InternalRelationshipBuilder.Navigations(Nullable`1 navigationToPrincipal, Nullable`1 navigationToDependent, Nullable`1 configurationSource)
   at Microsoft.EntityFrameworkCore.Metadata.Internal.InternalRelationshipBuilder.DependentToPrincipal(MemberInfo property, ConfigurationSource configurationSource)
   at Microsoft.EntityFrameworkCore.Metadata.Builders.CollectionNavigationBuilder.WithOneBuilder(PropertyIdentity reference)
   at Microsoft.EntityFrameworkCore.Metadata.Builders.CollectionNavigationBuilder`2.WithOne(Expression`1 navigationExpression)
   at Codenation.Challenge.Models.CodenationContext.&lt;&gt;c.&lt;OnModelCreating&gt;b__25_1(EntityTypeBuilder`1 eb) in C:\Users\luiz_\codenation\csharp-7\Source\Models\CodenationContext.cs:line 47
   at Microsoft.EntityFrameworkCore.ModelBuilder.Entity[TEntity](Action`1 buildAction)
   at Codenation.Challenge.Models.CodenationContext.OnModelCreating(ModelBuilder mb) in C:\Users\luiz_\codenation\csharp-7\Source\Models\CodenationContext.cs:line 37
   at Microsoft.EntityFrameworkCore.Infrastructure.ModelSource.CreateModel(DbContext context, IConventionSetBuilder conventionSetBuilder, IModelValidator validator)
   at System.Lazy`1.ViaFactory(LazyThreadSafetyMode mode)
--- End of stack trace from previous location where exception was thrown ---
   at System.Lazy`1.CreateValue()
   at Microsoft.EntityFrameworkCore.Internal.DbContextServices.CreateModel()
   at Microsoft.EntityFrameworkCore.Internal.DbContextServices.get_Model()
   at lambda_method(Closure , ServiceProviderEngineScope )
   at Microsoft.Extensions.DependencyInjection.ServiceProviderServiceExtensions.GetRequiredService(IServiceProvider provider, Type serviceType)
   at Microsoft.Extensions.DependencyInjection.ServiceProviderServiceExtensions.GetRequiredService[T](IServiceProvider provider)
   at Microsoft.EntityFrameworkCore.DbContext.get_DbContextDependencies()
   at Microsoft.EntityFrameworkCore.DbContext.get_InternalServiceProvider()
   at Microsoft.EntityFrameworkCore.DbContext.get_DbContextDependencies()
   at Microsoft.EntityFrameworkCore.DbContext.get_Model()
   at Codenation.Challenge.ModelBaseTest.GetEntity() in C:\Users\luiz_\codenation\csharp-7\Source.TestSubmission\ModelBaseTest.cs:line 26
   at Codenation.Challenge.ModelBaseTest.AssertChildrenNavigation(String navigationTable) in C:\Users\luiz_\codenation\csharp-7\Source.TestSubmission\ModelBaseTest.cs:line 133
   at Codenation.Challenge.AccelerationModelTest.Should_Has_Children_Navigation(String childrenTable) in C:\Users\luiz_\codenation\csharp-7\Source.TestSubmission\AccelerationModelTest.cs:line 50</error>
    </testcase>
    <testcase classname="Codenation.Challenge.AccelerationModelTest" name="Codenation.Challenge.AccelerationModelTest.Should_Has_Foreing_Key(fieldName: &quot;challenge_id&quot;, relatedTable: &quot;challenge&quot;, isNullable: False, relatedKey: &quot;id&quot;)" time="0.0020000">
      <error message="System.InvalidOperationException : The property or navigation 'Challenge' cannot be added to the entity type 'Acceleration' because a property or navigation with the same name already exists on entity type 'Acceleration'.">   at Microsoft.EntityFrameworkCore.Metadata.Internal.EntityType.AddNavigation(PropertyIdentity propertyIdentity, ForeignKey foreignKey, Boolean pointsToPrincipal)
   at Microsoft.EntityFrameworkCore.Metadata.Internal.ForeignKey.Navigation(Nullable`1 propertyIdentity, ConfigurationSource configurationSource, Boolean pointsToPrincipal)
   at Microsoft.EntityFrameworkCore.Metadata.Internal.ForeignKey.HasDependentToPrincipal(MemberInfo property, ConfigurationSource configurationSource)
   at Microsoft.EntityFrameworkCore.Metadata.Internal.InternalRelationshipBuilder.Navigations(Nullable`1 navigationToPrincipal, Nullable`1 navigationToDependent, EntityType principalEntityType, EntityType dependentEntityType, Nullable`1 configurationSource)
   at Microsoft.EntityFrameworkCore.Metadata.Internal.InternalRelationshipBuilder.Navigations(Nullable`1 navigationToPrincipal, Nullable`1 navigationToDependent, Nullable`1 configurationSource)
   at Microsoft.EntityFrameworkCore.Metadata.Internal.InternalRelationshipBuilder.DependentToPrincipal(MemberInfo property, ConfigurationSource configurationSource)
   at Microsoft.EntityFrameworkCore.Metadata.Builders.CollectionNavigationBuilder.WithOneBuilder(PropertyIdentity reference)
   at Microsoft.EntityFrameworkCore.Metadata.Builders.CollectionNavigationBuilder`2.WithOne(Expression`1 navigationExpression)
   at Codenation.Challenge.Models.CodenationContext.&lt;&gt;c.&lt;OnModelCreating&gt;b__25_1(EntityTypeBuilder`1 eb) in C:\Users\luiz_\codenation\csharp-7\Source\Models\CodenationContext.cs:line 47
   at Microsoft.EntityFrameworkCore.ModelBuilder.Entity[TEntity](Action`1 buildAction)
   at Codenation.Challenge.Models.CodenationContext.OnModelCreating(ModelBuilder mb) in C:\Users\luiz_\codenation\csharp-7\Source\Models\CodenationContext.cs:line 37
   at Microsoft.EntityFrameworkCore.Infrastructure.ModelSource.CreateModel(DbContext context, IConventionSetBuilder conventionSetBuilder, IModelValidator validator)
   at System.Lazy`1.ViaFactory(LazyThreadSafetyMode mode)
--- End of stack trace from previous location where exception was thrown ---
   at System.Lazy`1.CreateValue()
   at Microsoft.EntityFrameworkCore.Internal.DbContextServices.CreateModel()
   at Microsoft.EntityFrameworkCore.Internal.DbContextServices.get_Model()
   at lambda_method(Closure , ServiceProviderEngineScope )
   at Microsoft.Extensions.DependencyInjection.ServiceProviderServiceExtensions.GetRequiredService(IServiceProvider provider, Type serviceType)
   at Microsoft.Extensions.DependencyInjection.ServiceProviderServiceExtensions.GetRequiredService[T](IServiceProvider provider)
   at Microsoft.EntityFrameworkCore.DbContext.get_DbContextDependencies()
   at Microsoft.EntityFrameworkCore.DbContext.get_InternalServiceProvider()
   at Microsoft.EntityFrameworkCore.DbContext.get_DbContextDependencies()
   at Microsoft.EntityFrameworkCore.DbContext.get_Model()
   at Codenation.Challenge.ModelBaseTest.GetEntity() in C:\Users\luiz_\codenation\csharp-7\Source.TestSubmission\ModelBaseTest.cs:line 26
   at Codenation.Challenge.ModelBaseTest.AssertForeignKey(String fieldName, String expectedRelatedTable, Boolean required, String[] expectedKeys) in C:\Users\luiz_\codenation\csharp-7\Source.TestSubmission\ModelBaseTest.cs:line 112
   at Codenation.Challenge.AccelerationModelTest.Should_Has_Foreing_Key(String fieldName, String relatedTable, Boolean isNullable, String relatedKey) in C:\Users\luiz_\codenation\csharp-7\Source.TestSubmission\AccelerationModelTest.cs:line 43</error>
    </testcase>
    <testcase classname="Codenation.Challenge.CandidateModelTest" name="Codenation.Challenge.CandidateModelTest.Should_Has_Foreing_Key(fieldName: &quot;company_id&quot;, relatedTable: &quot;company&quot;, isNullable: False, relatedKey: &quot;id&quot;)" time="11.0560000">
      <error message="System.InvalidOperationException : The property or navigation 'Challenge' cannot be added to the entity type 'Acceleration' because a property or navigation with the same name already exists on entity type 'Acceleration'.">   at Microsoft.EntityFrameworkCore.Metadata.Internal.EntityType.AddNavigation(PropertyIdentity propertyIdentity, ForeignKey foreignKey, Boolean pointsToPrincipal)
   at Microsoft.EntityFrameworkCore.Metadata.Internal.ForeignKey.Navigation(Nullable`1 propertyIdentity, ConfigurationSource configurationSource, Boolean pointsToPrincipal)
   at Microsoft.EntityFrameworkCore.Metadata.Internal.ForeignKey.HasDependentToPrincipal(MemberInfo property, ConfigurationSource configurationSource)
   at Microsoft.EntityFrameworkCore.Metadata.Internal.InternalRelationshipBuilder.Navigations(Nullable`1 navigationToPrincipal, Nullable`1 navigationToDependent, EntityType principalEntityType, EntityType dependentEntityType, Nullable`1 configurationSource)
   at Microsoft.EntityFrameworkCore.Metadata.Internal.InternalRelationshipBuilder.Navigations(Nullable`1 navigationToPrincipal, Nullable`1 navigationToDependent, Nullable`1 configurationSource)
   at Microsoft.EntityFrameworkCore.Metadata.Internal.InternalRelationshipBuilder.DependentToPrincipal(MemberInfo property, ConfigurationSource configurationSource)
   at Microsoft.EntityFrameworkCore.Metadata.Builders.CollectionNavigationBuilder.WithOneBuilder(PropertyIdentity reference)
   at Microsoft.EntityFrameworkCore.Metadata.Builders.CollectionNavigationBuilder`2.WithOne(Expression`1 navigationExpression)
   at Codenation.Challenge.Models.CodenationContext.&lt;&gt;c.&lt;OnModelCreating&gt;b__25_1(EntityTypeBuilder`1 eb) in C:\Users\luiz_\codenation\csharp-7\Source\Models\CodenationContext.cs:line 47
   at Microsoft.EntityFrameworkCore.ModelBuilder.Entity[TEntity](Action`1 buildAction)
   at Codenation.Challenge.Models.CodenationContext.OnModelCreating(ModelBuilder mb) in C:\Users\luiz_\codenation\csharp-7\Source\Models\CodenationContext.cs:line 37
   at Microsoft.EntityFrameworkCore.Infrastructure.ModelSource.CreateModel(DbContext context, IConventionSetBuilder conventionSetBuilder, IModelValidator validator)
   at System.Lazy`1.ViaFactory(LazyThreadSafetyMode mode)
--- End of stack trace from previous location where exception was thrown ---
   at System.Lazy`1.CreateValue()
   at Microsoft.EntityFrameworkCore.Internal.DbContextServices.CreateModel()
   at Microsoft.EntityFrameworkCore.Internal.DbContextServices.get_Model()
   at Microsoft.Extensions.DependencyInjection.ServiceLookup.CallSiteRuntimeResolver.VisitScoped(ScopedCallSite scopedCallSite, ServiceProviderEngineScope scope)
   at Microsoft.Extensions.DependencyInjection.ServiceLookup.CallSiteRuntimeResolver.VisitConstructor(ConstructorCallSite constructorCallSite, ServiceProviderEngineScope scope)
   at Microsoft.Extensions.DependencyInjection.ServiceLookup.CallSiteRuntimeResolver.VisitScoped(ScopedCallSite scopedCallSite, ServiceProviderEngineScope scope)
   at Microsoft.Extensions.DependencyInjection.ServiceProviderServiceExtensions.GetRequiredService(IServiceProvider provider, Type serviceType)
   at Microsoft.Extensions.DependencyInjection.ServiceProviderServiceExtensions.GetRequiredService[T](IServiceProvider provider)
   at Microsoft.EntityFrameworkCore.DbContext.get_DbContextDependencies()
   at Microsoft.EntityFrameworkCore.DbContext.get_InternalServiceProvider()
   at Microsoft.EntityFrameworkCore.DbContext.get_DbContextDependencies()
   at Microsoft.EntityFrameworkCore.DbContext.get_Model()
   at Codenation.Challenge.ModelBaseTest.GetEntity() in C:\Users\luiz_\codenation\csharp-7\Source.TestSubmission\ModelBaseTest.cs:line 26
   at Codenation.Challenge.ModelBaseTest.AssertPrimaryKeys(String[] keys) in C:\Users\luiz_\codenation\csharp-7\Source.TestSubmission\ModelBaseTest.cs:line 82
   at Codenation.Challenge.SubmissionModelTest.Should_Has_Primary_Key() in C:\Users\luiz_\codenation\csharp-7\Source.TestSubmission\SubmissionModelTest.cs:line 25</error>
    </testcase>
    <testcase classname="Codenation.Challenge.CandidateModelTest" name="Codenation.Challenge.CandidateModelTest.Should_Has_Foreing_Key(fieldName: &quot;user_id&quot;, relatedTable: &quot;user&quot;, isNullable: False, relatedKey: &quot;id&quot;)" time="0.0550000">
      <error message="System.InvalidOperationException : The property or navigation 'Challenge' cannot be added to the entity type 'Acceleration' because a property or navigation with the same name already exists on entity type 'Acceleration'.">   at Microsoft.EntityFrameworkCore.Metadata.Internal.EntityType.AddNavigation(PropertyIdentity propertyIdentity, ForeignKey foreignKey, Boolean pointsToPrincipal)
   at Microsoft.EntityFrameworkCore.Metadata.Internal.ForeignKey.Navigation(Nullable`1 propertyIdentity, ConfigurationSource configurationSource, Boolean pointsToPrincipal)
   at Microsoft.EntityFrameworkCore.Metadata.Internal.ForeignKey.HasDependentToPrincipal(MemberInfo property, ConfigurationSource configurationSource)
   at Microsoft.EntityFrameworkCore.Metadata.Internal.InternalRelationshipBuilder.Navigations(Nullable`1 navigationToPrincipal, Nullable`1 navigationToDependent, EntityType principalEntityType, EntityType dependentEntityType, Nullable`1 configurationSource)
   at Microsoft.EntityFrameworkCore.Metadata.Internal.InternalRelationshipBuilder.Navigations(Nullable`1 navigationToPrincipal, Nullable`1 navigationToDependent, Nullable`1 configurationSource)
   at Microsoft.EntityFrameworkCore.Metadata.Internal.InternalRelationshipBuilder.DependentToPrincipal(MemberInfo property, ConfigurationSource configurationSource)
   at Microsoft.EntityFrameworkCore.Metadata.Builders.CollectionNavigationBuilder.WithOneBuilder(PropertyIdentity reference)
   at Microsoft.EntityFrameworkCore.Metadata.Builders.CollectionNavigationBuilder`2.WithOne(Expression`1 navigationExpression)
   at Codenation.Challenge.Models.CodenationContext.&lt;&gt;c.&lt;OnModelCreating&gt;b__25_1(EntityTypeBuilder`1 eb) in C:\Users\luiz_\codenation\csharp-7\Source\Models\CodenationContext.cs:line 47
   at Microsoft.EntityFrameworkCore.ModelBuilder.Entity[TEntity](Action`1 buildAction)
   at Codenation.Challenge.Models.CodenationContext.OnModelCreating(ModelBuilder mb) in C:\Users\luiz_\codenation\csharp-7\Source\Models\CodenationContext.cs:line 37
   at Microsoft.EntityFrameworkCore.Infrastructure.ModelSource.CreateModel(DbContext context, IConventionSetBuilder conventionSetBuilder, IModelValidator validator)
   at System.Lazy`1.ViaFactory(LazyThreadSafetyMode mode)
--- End of stack trace from previous location where exception was thrown ---
   at System.Lazy`1.CreateValue()
   at Microsoft.EntityFrameworkCore.Internal.DbContextServices.CreateModel()
   at Microsoft.EntityFrameworkCore.Internal.DbContextServices.get_Model()
   at lambda_method(Closure , ServiceProviderEngineScope )
   at Microsoft.Extensions.DependencyInjection.ServiceProviderServiceExtensions.GetRequiredService(IServiceProvider provider, Type serviceType)
   at Microsoft.Extensions.DependencyInjection.ServiceProviderServiceExtensions.GetRequiredService[T](IServiceProvider provider)
   at Microsoft.EntityFrameworkCore.DbContext.get_DbContextDependencies()
   at Microsoft.EntityFrameworkCore.DbContext.get_InternalServiceProvider()
   at Microsoft.EntityFrameworkCore.DbContext.get_DbContextDependencies()
   at Microsoft.EntityFrameworkCore.DbContext.get_Model()
   at Codenation.Challenge.ModelBaseTest.GetEntity() in C:\Users\luiz_\codenation\csharp-7\Source.TestSubmission\ModelBaseTest.cs:line 26
   at Codenation.Challenge.ModelBaseTest.AssertForeignKey(String fieldName, String expectedRelatedTable, Boolean required, String[] expectedKeys) in C:\Users\luiz_\codenation\csharp-7\Source.TestSubmission\ModelBaseTest.cs:line 112
   at Codenation.Challenge.CandidateModelTest.Should_Has_Foreing_Key(String fieldName, String relatedTable, Boolean isNullable, String relatedKey) in C:\Users\luiz_\codenation\csharp-7\Source.TestSubmission\CandidateModelTest.cs:line 45</error>
    </testcase>
    <testcase classname="Codenation.Challenge.CandidateModelTest" name="Codenation.Challenge.CandidateModelTest.Should_Has_Foreing_Key(fieldName: &quot;acceleration_id&quot;, relatedTable: &quot;acceleration&quot;, isNullable: False, relatedKey: &quot;id&quot;)" time="0.0010000">
      <error message="System.InvalidOperationException : The property or navigation 'Challenge' cannot be added to the entity type 'Acceleration' because a property or navigation with the same name already exists on entity type 'Acceleration'.">   at Microsoft.EntityFrameworkCore.Metadata.Internal.EntityType.AddNavigation(PropertyIdentity propertyIdentity, ForeignKey foreignKey, Boolean pointsToPrincipal)
   at Microsoft.EntityFrameworkCore.Metadata.Internal.ForeignKey.Navigation(Nullable`1 propertyIdentity, ConfigurationSource configurationSource, Boolean pointsToPrincipal)
   at Microsoft.EntityFrameworkCore.Metadata.Internal.ForeignKey.HasDependentToPrincipal(MemberInfo property, ConfigurationSource configurationSource)
   at Microsoft.EntityFrameworkCore.Metadata.Internal.InternalRelationshipBuilder.Navigations(Nullable`1 navigationToPrincipal, Nullable`1 navigationToDependent, EntityType principalEntityType, EntityType dependentEntityType, Nullable`1 configurationSource)
   at Microsoft.EntityFrameworkCore.Metadata.Internal.InternalRelationshipBuilder.Navigations(Nullable`1 navigationToPrincipal, Nullable`1 navigationToDependent, Nullable`1 configurationSource)
   at Microsoft.EntityFrameworkCore.Metadata.Internal.InternalRelationshipBuilder.DependentToPrincipal(MemberInfo property, ConfigurationSource configurationSource)
   at Microsoft.EntityFrameworkCore.Metadata.Builders.CollectionNavigationBuilder.WithOneBuilder(PropertyIdentity reference)
   at Microsoft.EntityFrameworkCore.Metadata.Builders.CollectionNavigationBuilder`2.WithOne(Expression`1 navigationExpression)
   at Codenation.Challenge.Models.CodenationContext.&lt;&gt;c.&lt;OnModelCreating&gt;b__25_1(EntityTypeBuilder`1 eb) in C:\Users\luiz_\codenation\csharp-7\Source\Models\CodenationContext.cs:line 47
   at Microsoft.EntityFrameworkCore.ModelBuilder.Entity[TEntity](Action`1 buildAction)
   at Codenation.Challenge.Models.CodenationContext.OnModelCreating(ModelBuilder mb) in C:\Users\luiz_\codenation\csharp-7\Source\Models\CodenationContext.cs:line 37
   at Microsoft.EntityFrameworkCore.Infrastructure.ModelSource.CreateModel(DbContext context, IConventionSetBuilder conventionSetBuilder, IModelValidator validator)
   at System.Lazy`1.ViaFactory(LazyThreadSafetyMode mode)
--- End of stack trace from previous location where exception was thrown ---
   at System.Lazy`1.CreateValue()
   at Microsoft.EntityFrameworkCore.Internal.DbContextServices.CreateModel()
   at Microsoft.EntityFrameworkCore.Internal.DbContextServices.get_Model()
   at lambda_method(Closure , ServiceProviderEngineScope )
   at Microsoft.Extensions.DependencyInjection.ServiceProviderServiceExtensions.GetRequiredService(IServiceProvider provider, Type serviceType)
--- End of stack trace from previous location where exception was thrown ---
   at Microsoft.Extensions.DependencyInjection.ServiceProviderServiceExtensions.GetRequiredService[T](IServiceProvider provider)
   at Microsoft.EntityFrameworkCore.DbContext.get_DbContextDependencies()
   at System.Lazy`1.CreateValue()
   at Microsoft.EntityFrameworkCore.DbContext.get_InternalServiceProvider()
   at Microsoft.EntityFrameworkCore.Internal.DbContextServices.CreateModel()
   at Microsoft.EntityFrameworkCore.Internal.DbContextServices.get_Model()
   at lambda_method(Closure , ServiceProviderEngineScope )
   at Microsoft.Extensions.DependencyInjection.ServiceProviderServiceExtensions.GetRequiredService(IServiceProvider provider, Type serviceType)
   at Microsoft.Extensions.DependencyInjection.ServiceProviderServiceExtensions.GetRequiredService[T](IServiceProvider provider)
   at Microsoft.EntityFrameworkCore.DbContext.get_DbContextDependencies()
   at Microsoft.EntityFrameworkCore.DbContext.get_Model()
   at Microsoft.EntityFrameworkCore.DbContext.get_InternalServiceProvider()
   at Microsoft.EntityFrameworkCore.DbContext.get_DbContextDependencies()
   at Microsoft.EntityFrameworkCore.DbContext.get_Model()
   at Codenation.Challenge.ModelBaseTest.AssertField(String fieldName, Boolean isNullable, Type fieldType, Nullable`1 fieldSize) in C:\Users\luiz_\codenation\csharp-7\Source.TestSubmission\ModelBaseTest.cs:line 92
   at Codenation.Challenge.SubmissionModelTest.Should_Has_Field(String fieldName, Boolean isNullable, Type fieldType, Nullable`1 fieldSize) in C:\Users\luiz_\codenation\csharp-7\Source.TestSubmission\SubmissionModelTest.cs:line 35
   at Codenation.Challenge.ModelBaseTest.GetEntity() in C:\Users\luiz_\codenation\csharp-7\Source.TestSubmission\ModelBaseTest.cs:line 26
   at Codenation.Challenge.ModelBaseTest.AssertForeignKey(String fieldName, String expectedRelatedTable, Boolean required, String[] expectedKeys) in C:\Users\luiz_\codenation\csharp-7\Source.TestSubmission\ModelBaseTest.cs:line 112
   at Codenation.Challenge.CandidateModelTest.Should_Has_Foreing_Key(String fieldName, String relatedTable, Boolean isNullable, String relatedKey) in C:\Users\luiz_\codenation\csharp-7\Source.TestSubmission\CandidateModelTest.cs:line 45</error>
    </testcase>
    <testcase classname="Codenation.Challenge.CandidateModelTest" name="Codenation.Challenge.CandidateModelTest.Should_Has_Table" time="0.0020000">
      <error message="System.InvalidOperationException : The property or navigation 'Challenge' cannot be added to the entity type 'Acceleration' because a property or navigation with the same name already exists on entity type 'Acceleration'.">   at Microsoft.EntityFrameworkCore.Metadata.Internal.EntityType.AddNavigation(PropertyIdentity propertyIdentity, ForeignKey foreignKey, Boolean pointsToPrincipal)
   at Microsoft.EntityFrameworkCore.Metadata.Internal.ForeignKey.Navigation(Nullable`1 propertyIdentity, ConfigurationSource configurationSource, Boolean pointsToPrincipal)
   at Microsoft.EntityFrameworkCore.Metadata.Internal.ForeignKey.HasDependentToPrincipal(MemberInfo property, ConfigurationSource configurationSource)
   at Microsoft.EntityFrameworkCore.Metadata.Internal.InternalRelationshipBuilder.Navigations(Nullable`1 navigationToPrincipal, Nullable`1 navigationToDependent, EntityType principalEntityType, EntityType dependentEntityType, Nullable`1 configurationSource)
   at Microsoft.EntityFrameworkCore.Metadata.Internal.InternalRelationshipBuilder.Navigations(Nullable`1 navigationToPrincipal, Nullable`1 navigationToDependent, Nullable`1 configurationSource)
   at Microsoft.EntityFrameworkCore.Metadata.Internal.InternalRelationshipBuilder.DependentToPrincipal(MemberInfo property, ConfigurationSource configurationSource)
   at Microsoft.EntityFrameworkCore.Metadata.Builders.CollectionNavigationBuilder.WithOneBuilder(PropertyIdentity reference)
   at Microsoft.EntityFrameworkCore.Metadata.Builders.CollectionNavigationBuilder`2.WithOne(Expression`1 navigationExpression)
   at Codenation.Challenge.Models.CodenationContext.&lt;&gt;c.&lt;OnModelCreating&gt;b__25_1(EntityTypeBuilder`1 eb) in C:\Users\luiz_\codenation\csharp-7\Source\Models\CodenationContext.cs:line 47
   at Microsoft.EntityFrameworkCore.ModelBuilder.Entity[TEntity](Action`1 buildAction)
   at Codenation.Challenge.Models.CodenationContext.OnModelCreating(ModelBuilder mb) in C:\Users\luiz_\codenation\csharp-7\Source\Models\CodenationContext.cs:line 37
   at Microsoft.EntityFrameworkCore.Infrastructure.ModelSource.CreateModel(DbContext context, IConventionSetBuilder conventionSetBuilder, IModelValidator validator)
   at System.Lazy`1.ViaFactory(LazyThreadSafetyMode mode)
--- End of stack trace from previous location where exception was thrown ---
   at System.Lazy`1.CreateValue()
   at Microsoft.EntityFrameworkCore.Internal.DbContextServices.CreateModel()
   at Microsoft.EntityFrameworkCore.Internal.DbContextServices.get_Model()
   at lambda_method(Closure , ServiceProviderEngineScope )
   at Microsoft.Extensions.DependencyInjection.ServiceProviderServiceExtensions.GetRequiredService(IServiceProvider provider, Type serviceType)
   at Microsoft.Extensions.DependencyInjection.ServiceProviderServiceExtensions.GetRequiredService[T](IServiceProvider provider)
   at Microsoft.EntityFrameworkCore.DbContext.get_DbContextDependencies()
   at Microsoft.EntityFrameworkCore.DbContext.get_InternalServiceProvider()
   at Microsoft.EntityFrameworkCore.DbContext.get_DbContextDependencies()
   at Microsoft.EntityFrameworkCore.DbContext.get_Model()
   at Codenation.Challenge.ModelBaseTest.GetEntity() in C:\Users\luiz_\codenation\csharp-7\Source.TestSubmission\ModelBaseTest.cs:line 26
   at Codenation.Challenge.ModelBaseTest.AssertTable() in C:\Users\luiz_\codenation\csharp-7\Source.TestSubmission\ModelBaseTest.cs:line 74
   at Codenation.Challenge.CandidateModelTest.Should_Has_Table() in C:\Users\luiz_\codenation\csharp-7\Source.TestSubmission\CandidateModelTest.cs:line 19</error>
    </testcase>
    <testcase classname="Codenation.Challenge.CandidateModelTest" name="Codenation.Challenge.CandidateModelTest.Should_Has_Field(fieldName: &quot;company_id&quot;, isNullable: False, fieldType: typeof(int), fieldSize: null)" time="0.0030000">
      <error message="System.InvalidOperationException : The property or navigation 'Challenge' cannot be added to the entity type 'Acceleration' because a property or navigation with the same name already exists on entity type 'Acceleration'.">   at Microsoft.EntityFrameworkCore.Metadata.Internal.EntityType.AddNavigation(PropertyIdentity propertyIdentity, ForeignKey foreignKey, Boolean pointsToPrincipal)
   at Microsoft.EntityFrameworkCore.Metadata.Internal.ForeignKey.Navigation(Nullable`1 propertyIdentity, ConfigurationSource configurationSource, Boolean pointsToPrincipal)
   at Microsoft.EntityFrameworkCore.Metadata.Internal.ForeignKey.HasDependentToPrincipal(MemberInfo property, ConfigurationSource configurationSource)
   at Microsoft.EntityFrameworkCore.Metadata.Internal.InternalRelationshipBuilder.Navigations(Nullable`1 navigationToPrincipal, Nullable`1 navigationToDependent, EntityType principalEntityType, EntityType dependentEntityType, Nullable`1 configurationSource)
   at Microsoft.EntityFrameworkCore.Metadata.Internal.InternalRelationshipBuilder.Navigations(Nullable`1 navigationToPrincipal, Nullable`1 navigationToDependent, Nullable`1 configurationSource)
   at Microsoft.EntityFrameworkCore.Metadata.Internal.InternalRelationshipBuilder.DependentToPrincipal(MemberInfo property, ConfigurationSource configurationSource)
   at Microsoft.EntityFrameworkCore.Metadata.Builders.CollectionNavigationBuilder.WithOneBuilder(PropertyIdentity reference)
   at Microsoft.EntityFrameworkCore.Metadata.Builders.CollectionNavigationBuilder`2.WithOne(Expression`1 navigationExpression)
   at Codenation.Challenge.Models.CodenationContext.&lt;&gt;c.&lt;OnModelCreating&gt;b__25_1(EntityTypeBuilder`1 eb) in C:\Users\luiz_\codenation\csharp-7\Source\Models\CodenationContext.cs:line 47
   at Microsoft.EntityFrameworkCore.ModelBuilder.Entity[TEntity](Action`1 buildAction)
   at Codenation.Challenge.Models.CodenationContext.OnModelCreating(ModelBuilder mb) in C:\Users\luiz_\codenation\csharp-7\Source\Models\CodenationContext.cs:line 37
   at Microsoft.EntityFrameworkCore.Infrastructure.ModelSource.CreateModel(DbContext context, IConventionSetBuilder conventionSetBuilder, IModelValidator validator)
   at System.Lazy`1.ViaFactory(LazyThreadSafetyMode mode)
--- End of stack trace from previous location where exception was thrown ---
   at System.Lazy`1.CreateValue()
   at Microsoft.EntityFrameworkCore.Internal.DbContextServices.CreateModel()
   at Microsoft.EntityFrameworkCore.Internal.DbContextServices.get_Model()
   at lambda_method(Closure , ServiceProviderEngineScope )
   at Microsoft.Extensions.DependencyInjection.ServiceProviderServiceExtensions.GetRequiredService(IServiceProvider provider, Type serviceType)
   at Microsoft.Extensions.DependencyInjection.ServiceProviderServiceExtensions.GetRequiredService[T](IServiceProvider provider)
   at Microsoft.EntityFrameworkCore.DbContext.get_DbContextDependencies()
   at Microsoft.EntityFrameworkCore.DbContext.get_InternalServiceProvider()
   at Microsoft.EntityFrameworkCore.DbContext.get_DbContextDependencies()
   at Microsoft.EntityFrameworkCore.DbContext.get_Model()
   at Codenation.Challenge.ModelBaseTest.GetEntity() in C:\Users\luiz_\codenation\csharp-7\Source.TestSubmission\ModelBaseTest.cs:line 26
   at Codenation.Challenge.ModelBaseTest.AssertField(String fieldName, Boolean isNullable, Type fieldType, Nullable`1 fieldSize) in C:\Users\luiz_\codenation\csharp-7\Source.TestSubmission\ModelBaseTest.cs:line 92
--- End of stack trace from previous location where exception was thrown ---
   at Codenation.Challenge.SubmissionModelTest.Should_Has_Field(String fieldName, Boolean isNullable, Type fieldType, Nullable`1 fieldSize) in C:\Users\luiz_\codenation\csharp-7\Source.TestSubmission\SubmissionModelTest.cs:line 35
   at System.Lazy`1.CreateValue()
   at Microsoft.EntityFrameworkCore.Internal.DbContextServices.CreateModel()
   at Microsoft.EntityFrameworkCore.Internal.DbContextServices.get_Model()
   at lambda_method(Closure , ServiceProviderEngineScope )
   at Microsoft.Extensions.DependencyInjection.ServiceProviderServiceExtensions.GetRequiredService(IServiceProvider provider, Type serviceType)
   at Microsoft.Extensions.DependencyInjection.ServiceProviderServiceExtensions.GetRequiredService[T](IServiceProvider provider)
   at Microsoft.EntityFrameworkCore.DbContext.get_DbContextDependencies()
   at Microsoft.EntityFrameworkCore.DbContext.get_InternalServiceProvider()
   at Microsoft.EntityFrameworkCore.DbContext.get_DbContextDependencies()
   at Microsoft.EntityFrameworkCore.DbContext.get_Model()
   at Codenation.Challenge.ModelBaseTest.GetEntity() in C:\Users\luiz_\codenation\csharp-7\Source.TestSubmission\ModelBaseTest.cs:line 26
   at Codenation.Challenge.ModelBaseTest.AssertField(String fieldName, Boolean isNullable, Type fieldType, Nullable`1 fieldSize) in C:\Users\luiz_\codenation\csharp-7\Source.TestSubmission\ModelBaseTest.cs:line 92
   at Codenation.Challenge.CandidateModelTest.Should_Has_Field(String fieldName, Boolean isNullable, Type fieldType, Nullable`1 fieldSize) in C:\Users\luiz_\codenation\csharp-7\Source.TestSubmission\CandidateModelTest.cs:line 36</error>
    </testcase>
    <testcase classname="Codenation.Challenge.CandidateModelTest" name="Codenation.Challenge.CandidateModelTest.Should_Has_Field(fieldName: &quot;user_id&quot;, isNullable: False, fieldType: typeof(int), fieldSize: null)" time="0.0030000">
      <error message="System.InvalidOperationException : The property or navigation 'Challenge' cannot be added to the entity type 'Acceleration' because a property or navigation with the same name already exists on entity type 'Acceleration'.">   at Microsoft.EntityFrameworkCore.Metadata.Internal.EntityType.AddNavigation(PropertyIdentity propertyIdentity, ForeignKey foreignKey, Boolean pointsToPrincipal)
   at Microsoft.EntityFrameworkCore.Metadata.Internal.ForeignKey.Navigation(Nullable`1 propertyIdentity, ConfigurationSource configurationSource, Boolean pointsToPrincipal)
   at Microsoft.EntityFrameworkCore.Metadata.Internal.ForeignKey.HasDependentToPrincipal(MemberInfo property, ConfigurationSource configurationSource)
   at Microsoft.EntityFrameworkCore.Metadata.Internal.InternalRelationshipBuilder.Navigations(Nullable`1 navigationToPrincipal, Nullable`1 navigationToDependent, EntityType principalEntityType, EntityType dependentEntityType, Nullable`1 configurationSource)
   at Microsoft.EntityFrameworkCore.Metadata.Internal.InternalRelationshipBuilder.Navigations(Nullable`1 navigationToPrincipal, Nullable`1 navigationToDependent, Nullable`1 configurationSource)
   at Microsoft.EntityFrameworkCore.Metadata.Internal.InternalRelationshipBuilder.DependentToPrincipal(MemberInfo property, ConfigurationSource configurationSource)
   at Microsoft.EntityFrameworkCore.Metadata.Builders.CollectionNavigationBuilder.WithOneBuilder(PropertyIdentity reference)
   at Microsoft.EntityFrameworkCore.Metadata.Builders.CollectionNavigationBuilder`2.WithOne(Expression`1 navigationExpression)
   at Codenation.Challenge.Models.CodenationContext.&lt;&gt;c.&lt;OnModelCreating&gt;b__25_1(EntityTypeBuilder`1 eb) in C:\Users\luiz_\codenation\csharp-7\Source\Models\CodenationContext.cs:line 47
   at Microsoft.EntityFrameworkCore.ModelBuilder.Entity[TEntity](Action`1 buildAction)
   at Codenation.Challenge.Models.CodenationContext.OnModelCreating(ModelBuilder mb) in C:\Users\luiz_\codenation\csharp-7\Source\Models\CodenationContext.cs:line 37
   at Microsoft.EntityFrameworkCore.Infrastructure.ModelSource.CreateModel(DbContext context, IConventionSetBuilder conventionSetBuilder, IModelValidator validator)
   at System.Lazy`1.ViaFactory(LazyThreadSafetyMode mode)
--- End of stack trace from previous location where exception was thrown ---
   at System.Lazy`1.CreateValue()
   at Microsoft.EntityFrameworkCore.Internal.DbContextServices.CreateModel()
   at Microsoft.EntityFrameworkCore.Internal.DbContextServices.get_Model()
   at lambda_method(Closure , ServiceProviderEngineScope )
   at Microsoft.Extensions.DependencyInjection.ServiceProviderServiceExtensions.GetRequiredService(IServiceProvider provider, Type serviceType)
   at Microsoft.Extensions.DependencyInjection.ServiceProviderServiceExtensions.GetRequiredService[T](IServiceProvider provider)
   at Microsoft.EntityFrameworkCore.DbContext.get_DbContextDependencies()
   at Microsoft.EntityFrameworkCore.DbContext.get_InternalServiceProvider()
   at Microsoft.EntityFrameworkCore.DbContext.get_DbContextDependencies()
   at Microsoft.EntityFrameworkCore.DbContext.get_Model()
   at Codenation.Challenge.ModelBaseTest.GetEntity() in C:\Users\luiz_\codenation\csharp-7\Source.TestSubmission\ModelBaseTest.cs:line 26
   at Codenation.Challenge.ModelBaseTest.AssertField(String fieldName, Boolean isNullable, Type fieldType, Nullable`1 fieldSize) in C:\Users\luiz_\codenation\csharp-7\Source.TestSubmission\ModelBaseTest.cs:line 92
   at Codenation.Challenge.CandidateModelTest.Should_Has_Field(String fieldName, Boolean isNullable, Type fieldType, Nullable`1 fieldSize) in C:\Users\luiz_\codenation\csharp-7\Source.TestSubmission\CandidateModelTest.cs:line 36
--- End of stack trace from previous location where exception was thrown ---
   at System.Lazy`1.CreateValue()
   at Microsoft.EntityFrameworkCore.Internal.DbContextServices.CreateModel()
   at Microsoft.EntityFrameworkCore.Internal.DbContextServices.get_Model()
   at lambda_method(Closure , ServiceProviderEngineScope )
   at Microsoft.Extensions.DependencyInjection.ServiceProviderServiceExtensions.GetRequiredService(IServiceProvider provider, Type serviceType)
   at Microsoft.Extensions.DependencyInjection.ServiceProviderServiceExtensions.GetRequiredService[T](IServiceProvider provider)
   at Microsoft.EntityFrameworkCore.DbContext.get_DbContextDependencies()
   at Microsoft.EntityFrameworkCore.DbContext.get_InternalServiceProvider()
   at Microsoft.EntityFrameworkCore.DbContext.get_DbContextDependencies()
   at Microsoft.EntityFrameworkCore.DbContext.get_Model()
   at Codenation.Challenge.ModelBaseTest.GetEntity() in C:\Users\luiz_\codenation\csharp-7\Source.TestSubmission\ModelBaseTest.cs:line 26
   at Codenation.Challenge.ModelBaseTest.AssertField(String fieldName, Boolean isNullable, Type fieldType, Nullable`1 fieldSize) in C:\Users\luiz_\codenation\csharp-7\Source.TestSubmission\ModelBaseTest.cs:line 92
   at Codenation.Challenge.SubmissionModelTest.Should_Has_Field(String fieldName, Boolean isNullable, Type fieldType, Nullable`1 fieldSize) in C:\Users\luiz_\codenation\csharp-7\Source.TestSubmission\SubmissionModelTest.cs:line 35</error>
    </testcase>
    <testcase classname="Codenation.Challenge.CandidateModelTest" name="Codenation.Challenge.CandidateModelTest.Should_Has_Field(fieldName: &quot;acceleration_id&quot;, isNullable: False, fieldType: typeof(int), fieldSize: null)" time="0.0020000">
      <error message="System.InvalidOperationException : The property or navigation 'Challenge' cannot be added to the entity type 'Acceleration' because a property or navigation with the same name already exists on entity type 'Acceleration'.">   at Microsoft.EntityFrameworkCore.Metadata.Internal.EntityType.AddNavigation(PropertyIdentity propertyIdentity, ForeignKey foreignKey, Boolean pointsToPrincipal)
   at Microsoft.EntityFrameworkCore.Metadata.Internal.ForeignKey.Navigation(Nullable`1 propertyIdentity, ConfigurationSource configurationSource, Boolean pointsToPrincipal)
   at Microsoft.EntityFrameworkCore.Metadata.Internal.ForeignKey.HasDependentToPrincipal(MemberInfo property, ConfigurationSource configurationSource)
   at Microsoft.EntityFrameworkCore.Metadata.Internal.InternalRelationshipBuilder.Navigations(Nullable`1 navigationToPrincipal, Nullable`1 navigationToDependent, EntityType principalEntityType, EntityType dependentEntityType, Nullable`1 configurationSource)
   at Microsoft.EntityFrameworkCore.Metadata.Internal.InternalRelationshipBuilder.Navigations(Nullable`1 navigationToPrincipal, Nullable`1 navigationToDependent, Nullable`1 configurationSource)
   at Microsoft.EntityFrameworkCore.Metadata.Internal.InternalRelationshipBuilder.DependentToPrincipal(MemberInfo property, ConfigurationSource configurationSource)
   at Microsoft.EntityFrameworkCore.Metadata.Builders.CollectionNavigationBuilder.WithOneBuilder(PropertyIdentity reference)
   at Microsoft.EntityFrameworkCore.Metadata.Builders.CollectionNavigationBuilder`2.WithOne(Expression`1 navigationExpression)
   at Codenation.Challenge.Models.CodenationContext.&lt;&gt;c.&lt;OnModelCreating&gt;b__25_1(EntityTypeBuilder`1 eb) in C:\Users\luiz_\codenation\csharp-7\Source\Models\CodenationContext.cs:line 47
   at Microsoft.EntityFrameworkCore.ModelBuilder.Entity[TEntity](Action`1 buildAction)
   at Codenation.Challenge.Models.CodenationContext.OnModelCreating(ModelBuilder mb) in C:\Users\luiz_\codenation\csharp-7\Source\Models\CodenationContext.cs:line 37
   at Microsoft.EntityFrameworkCore.Infrastructure.ModelSource.CreateModel(DbContext context, IConventionSetBuilder conventionSetBuilder, IModelValidator validator)
   at System.Lazy`1.ViaFactory(LazyThreadSafetyMode mode)
--- End of stack trace from previous location where exception was thrown ---
   at System.Lazy`1.CreateValue()
   at Microsoft.EntityFrameworkCore.Internal.DbContextServices.CreateModel()
   at Microsoft.EntityFrameworkCore.Internal.DbContextServices.get_Model()
   at lambda_method(Closure , ServiceProviderEngineScope )
   at Microsoft.Extensions.DependencyInjection.ServiceProviderServiceExtensions.GetRequiredService(IServiceProvider provider, Type serviceType)
   at Microsoft.Extensions.DependencyInjection.ServiceProviderServiceExtensions.GetRequiredService[T](IServiceProvider provider)
   at Microsoft.EntityFrameworkCore.DbContext.get_DbContextDependencies()
   at Microsoft.EntityFrameworkCore.DbContext.get_InternalServiceProvider()
   at Microsoft.EntityFrameworkCore.DbContext.get_DbContextDependencies()
   at Microsoft.EntityFrameworkCore.DbContext.get_Model()
   at Codenation.Challenge.ModelBaseTest.GetEntity() in C:\Users\luiz_\codenation\csharp-7\Source.TestSubmission\ModelBaseTest.cs:line 26
   at Codenation.Challenge.ModelBaseTest.AssertForeignKey(String fieldName, String expectedRelatedTable, Boolean required, String[] expectedKeys) in C:\Users\luiz_\codenation\csharp-7\Source.TestSubmission\ModelBaseTest.cs:line 112
   at Codenation.Challenge.SubmissionModelTest.Should_Has_Foreing_Key(String fieldName, String relatedTable, Boolean isNullable, String relatedKey) in C:\Users\luiz_\codenation\csharp-7\Source.TestSubmission\SubmissionModelTest.cs:line 43</error>
    </testcase>
    <testcase classname="Codenation.Challenge.CandidateModelTest" name="Codenation.Challenge.CandidateModelTest.Should_Has_Field(fieldName: &quot;created_at&quot;, isNullable: False, fieldType: typeof(System.DateTime), fieldSize: null)" time="0.0020000">
      <error message="System.InvalidOperationException : The property or navigation 'Challenge' cannot be added to the entity type 'Acceleration' because a property or navigation with the same name already exists on entity type 'Acceleration'.">   at Microsoft.EntityFrameworkCore.Metadata.Internal.EntityType.AddNavigation(PropertyIdentity propertyIdentity, ForeignKey foreignKey, Boolean pointsToPrincipal)
   at Microsoft.EntityFrameworkCore.Metadata.Internal.ForeignKey.Navigation(Nullable`1 propertyIdentity, ConfigurationSource configurationSource, Boolean pointsToPrincipal)
   at Microsoft.EntityFrameworkCore.Metadata.Internal.ForeignKey.HasDependentToPrincipal(MemberInfo property, ConfigurationSource configurationSource)
   at Microsoft.EntityFrameworkCore.Metadata.Internal.InternalRelationshipBuilder.Navigations(Nullable`1 navigationToPrincipal, Nullable`1 navigationToDependent, EntityType principalEntityType, EntityType dependentEntityType, Nullable`1 configurationSource)
   at Microsoft.EntityFrameworkCore.Metadata.Internal.InternalRelationshipBuilder.Navigations(Nullable`1 navigationToPrincipal, Nullable`1 navigationToDependent, Nullable`1 configurationSource)
   at Microsoft.EntityFrameworkCore.Metadata.Internal.InternalRelationshipBuilder.DependentToPrincipal(MemberInfo property, ConfigurationSource configurationSource)
   at Microsoft.EntityFrameworkCore.Metadata.Builders.CollectionNavigationBuilder.WithOneBuilder(PropertyIdentity reference)
   at Microsoft.EntityFrameworkCore.Metadata.Builders.CollectionNavigationBuilder`2.WithOne(Expression`1 navigationExpression)
   at Codenation.Challenge.Models.CodenationContext.&lt;&gt;c.&lt;OnModelCreating&gt;b__25_1(EntityTypeBuilder`1 eb) in C:\Users\luiz_\codenation\csharp-7\Source\Models\CodenationContext.cs:line 47
   at Microsoft.EntityFrameworkCore.ModelBuilder.Entity[TEntity](Action`1 buildAction)
   at Codenation.Challenge.Models.CodenationContext.OnModelCreating(ModelBuilder mb) in C:\Users\luiz_\codenation\csharp-7\Source\Models\CodenationContext.cs:line 37
   at Microsoft.EntityFrameworkCore.Infrastructure.ModelSource.CreateModel(DbContext context, IConventionSetBuilder conventionSetBuilder, IModelValidator validator)
   at System.Lazy`1.ViaFactory(LazyThreadSafetyMode mode)
--- End of stack trace from previous location where exception was thrown ---
   at System.Lazy`1.CreateValue()
   at Microsoft.EntityFrameworkCore.Internal.DbContextServices.CreateModel()
   at Microsoft.EntityFrameworkCore.Internal.DbContextServices.get_Model()
   at lambda_method(Closure , ServiceProviderEngineScope )
   at Microsoft.Extensions.DependencyInjection.ServiceProviderServiceExtensions.GetRequiredService(IServiceProvider provider, Type serviceType)
   at Microsoft.Extensions.DependencyInjection.ServiceProviderServiceExtensions.GetRequiredService[T](IServiceProvider provider)
   at Microsoft.EntityFrameworkCore.DbContext.get_DbContextDependencies()
   at Microsoft.EntityFrameworkCore.DbContext.get_InternalServiceProvider()
   at Microsoft.EntityFrameworkCore.DbContext.get_DbContextDependencies()
   at Microsoft.EntityFrameworkCore.DbContext.get_Model()
   at Codenation.Challenge.ModelBaseTest.GetEntity() in C:\Users\luiz_\codenation\csharp-7\Source.TestSubmission\ModelBaseTest.cs:line 26
   at Codenation.Challenge.ModelBaseTest.AssertField(String fieldName, Boolean isNullable, Type fieldType, Nullable`1 fieldSize) in C:\Users\luiz_\codenation\csharp-7\Source.TestSubmission\ModelBaseTest.cs:line 92
   at Codenation.Challenge.CandidateModelTest.Should_Has_Field(String fieldName, Boolean isNullable, Type fieldType, Nullable`1 fieldSize) in C:\Users\luiz_\codenation\csharp-7\Source.TestSubmission\CandidateModelTest.cs:line 36</error>
    </testcase>
    <testcase classname="Codenation.Challenge.CandidateModelTest" name="Codenation.Challenge.CandidateModelTest.Should_Has_Field(fieldName: &quot;status&quot;, isNullable: False, fieldType: typeof(int), fieldSize: null)" time="0.0020000">
      <error message="System.InvalidOperationException : The property or navigation 'Challenge' cannot be added to the entity type 'Acceleration' because a property or navigation with the same name already exists on entity type 'Acceleration'.">   at Microsoft.EntityFrameworkCore.Metadata.Internal.EntityType.AddNavigation(PropertyIdentity propertyIdentity, ForeignKey foreignKey, Boolean pointsToPrincipal)
   at Microsoft.EntityFrameworkCore.Metadata.Internal.ForeignKey.Navigation(Nullable`1 propertyIdentity, ConfigurationSource configurationSource, Boolean pointsToPrincipal)
   at Microsoft.EntityFrameworkCore.Metadata.Internal.ForeignKey.HasDependentToPrincipal(MemberInfo property, ConfigurationSource configurationSource)
   at Microsoft.EntityFrameworkCore.Metadata.Internal.InternalRelationshipBuilder.Navigations(Nullable`1 navigationToPrincipal, Nullable`1 navigationToDependent, EntityType principalEntityType, EntityType dependentEntityType, Nullable`1 configurationSource)
   at Microsoft.EntityFrameworkCore.Metadata.Internal.InternalRelationshipBuilder.Navigations(Nullable`1 navigationToPrincipal, Nullable`1 navigationToDependent, Nullable`1 configurationSource)
   at Microsoft.EntityFrameworkCore.Metadata.Internal.InternalRelationshipBuilder.DependentToPrincipal(MemberInfo property, ConfigurationSource configurationSource)
   at Microsoft.EntityFrameworkCore.Metadata.Builders.CollectionNavigationBuilder.WithOneBuilder(PropertyIdentity reference)
   at Microsoft.EntityFrameworkCore.Metadata.Builders.CollectionNavigationBuilder`2.WithOne(Expression`1 navigationExpression)
   at Codenation.Challenge.Models.CodenationContext.&lt;&gt;c.&lt;OnModelCreating&gt;b__25_1(EntityTypeBuilder`1 eb) in C:\Users\luiz_\codenation\csharp-7\Source\Models\CodenationContext.cs:line 47
   at Microsoft.EntityFrameworkCore.ModelBuilder.Entity[TEntity](Action`1 buildAction)
   at Codenation.Challenge.Models.CodenationContext.OnModelCreating(ModelBuilder mb) in C:\Users\luiz_\codenation\csharp-7\Source\Models\CodenationContext.cs:line 37
   at Microsoft.EntityFrameworkCore.Infrastructure.ModelSource.CreateModel(DbContext context, IConventionSetBuilder conventionSetBuilder, IModelValidator validator)
   at System.Lazy`1.ViaFactory(LazyThreadSafetyMode mode)
--- End of stack trace from previous location where exception was thrown ---
   at System.Lazy`1.CreateValue()
   at Microsoft.EntityFrameworkCore.Internal.DbContextServices.CreateModel()
   at Microsoft.EntityFrameworkCore.Internal.DbContextServices.get_Model()
   at lambda_method(Closure , ServiceProviderEngineScope )
   at Microsoft.Extensions.DependencyInjection.ServiceProviderServiceExtensions.GetRequiredService(IServiceProvider provider, Type serviceType)
   at Microsoft.Extensions.DependencyInjection.ServiceProviderServiceExtensions.GetRequiredService[T](IServiceProvider provider)
   at Microsoft.EntityFrameworkCore.DbContext.get_DbContextDependencies()
   at Microsoft.EntityFrameworkCore.DbContext.get_InternalServiceProvider()
   at Microsoft.EntityFrameworkCore.DbContext.get_DbContextDependencies()
   at Microsoft.EntityFrameworkCore.DbContext.get_Model()
   at Codenation.Challenge.ModelBaseTest.GetEntity() in C:\Users\luiz_\codenation\csharp-7\Source.TestSubmission\ModelBaseTest.cs:line 26
   at Codenation.Challenge.ModelBaseTest.AssertTable() in C:\Users\luiz_\codenation\csharp-7\Source.TestSubmission\ModelBaseTest.cs:line 74
   at Codenation.Challenge.SubmissionModelTest.Should_Has_Table() in C:\Users\luiz_\codenation\csharp-7\Source.TestSubmission\SubmissionModelTest.cs:line 19</error>
    </testcase>
    <testcase classname="Codenation.Challenge.CandidateModelTest" name="Codenation.Challenge.CandidateModelTest.Should_Has_Primary_Key" time="0.0020000">
      <error message="System.InvalidOperationException : The property or navigation 'Challenge' cannot be added to the entity type 'Acceleration' because a property or navigation with the same name already exists on entity type 'Acceleration'.">   at Microsoft.EntityFrameworkCore.Metadata.Internal.EntityType.AddNavigation(PropertyIdentity propertyIdentity, ForeignKey foreignKey, Boolean pointsToPrincipal)
   at Microsoft.EntityFrameworkCore.Metadata.Internal.ForeignKey.Navigation(Nullable`1 propertyIdentity, ConfigurationSource configurationSource, Boolean pointsToPrincipal)
   at Microsoft.EntityFrameworkCore.Metadata.Internal.ForeignKey.HasDependentToPrincipal(MemberInfo property, ConfigurationSource configurationSource)
   at Microsoft.EntityFrameworkCore.Metadata.Internal.InternalRelationshipBuilder.Navigations(Nullable`1 navigationToPrincipal, Nullable`1 navigationToDependent, EntityType principalEntityType, EntityType dependentEntityType, Nullable`1 configurationSource)
   at Microsoft.EntityFrameworkCore.Metadata.Internal.InternalRelationshipBuilder.Navigations(Nullable`1 navigationToPrincipal, Nullable`1 navigationToDependent, Nullable`1 configurationSource)
   at Microsoft.EntityFrameworkCore.Metadata.Internal.InternalRelationshipBuilder.DependentToPrincipal(MemberInfo property, ConfigurationSource configurationSource)
   at Microsoft.EntityFrameworkCore.Metadata.Builders.CollectionNavigationBuilder.WithOneBuilder(PropertyIdentity reference)
   at Microsoft.EntityFrameworkCore.Metadata.Builders.CollectionNavigationBuilder`2.WithOne(Expression`1 navigationExpression)
   at Codenation.Challenge.Models.CodenationContext.&lt;&gt;c.&lt;OnModelCreating&gt;b__25_1(EntityTypeBuilder`1 eb) in C:\Users\luiz_\codenation\csharp-7\Source\Models\CodenationContext.cs:line 47
   at Microsoft.EntityFrameworkCore.ModelBuilder.Entity[TEntity](Action`1 buildAction)
   at Codenation.Challenge.Models.CodenationContext.OnModelCreating(ModelBuilder mb) in C:\Users\luiz_\codenation\csharp-7\Source\Models\CodenationContext.cs:line 37
   at Microsoft.EntityFrameworkCore.Infrastructure.ModelSource.CreateModel(DbContext context, IConventionSetBuilder conventionSetBuilder, IModelValidator validator)
   at System.Lazy`1.ViaFactory(LazyThreadSafetyMode mode)
[...]
   at Microsoft.EntityFrameworkCore.DbContext.get_DbContextDependencies()
   at Microsoft.EntityFrameworkCore.DbContext.get_InternalServiceProvider()
   at Microsoft.EntityFrameworkCore.DbContext.get_DbContextDependencies()
   at Microsoft.EntityFrameworkCore.DbContext.get_Model()
   at Codenation.Challenge.ModelBaseTest.GetEntity() in C:\Users\luiz_\codenation\csharp-7\Source.TestSubmission\ModelBaseTest.cs:line 26
   at Codenation.Challenge.ModelBaseTest.AssertTable() in C:\Users\luiz_\codenation\csharp-7\Source.TestSubmission\ModelBaseTest.cs:line 74
   at Codenation.Challenge.CompanyModelTest.Should_Has_Table() in C:\Users\luiz_\codenation\csharp-7\Source.TestSubmission\CompanyModelTest.cs:line 19</error>
    </testcase>
    <testcase classname="Codenation.Challenge.UserModelTest" name="Codenation.Challenge.UserModelTest.Should_Has_Field(fieldName: &quot;email&quot;, isNullable: False, fieldType: typeof(string), fieldSize: 100)" time="0.0010000">
      <error message="System.InvalidOperationException : The property or navigation 'Challenge' cannot be added to the entity type 'Acceleration' because a property or navigation with the same name already exists on entity type 'Acceleration'.">   at Microsoft.EntityFrameworkCore.Metadata.Internal.EntityType.AddNavigation(PropertyIdentity propertyIdentity, ForeignKey foreignKey, Boolean pointsToPrincipal)
   at Microsoft.EntityFrameworkCore.Metadata.Internal.ForeignKey.Navigation(Nullable`1 propertyIdentity, ConfigurationSource configurationSource, Boolean pointsToPrincipal)
   at Microsoft.EntityFrameworkCore.Metadata.Internal.ForeignKey.HasDependentToPrincipal(MemberInfo property, ConfigurationSource configurationSource)
   at Microsoft.EntityFrameworkCore.Metadata.Internal.InternalRelationshipBuilder.Navigations(Nullable`1 navigationToPrincipal, Nullable`1 navigationToDependent, EntityType principalEntityType, EntityType dependentEntityType, Nullable`1 configurationSource)
   at Microsoft.EntityFrameworkCore.Metadata.Internal.InternalRelationshipBuilder.Navigations(Nullable`1 navigationToPrincipal, Nullable`1 navigationToDependent, Nullable`1 configurationSource)
   at Microsoft.EntityFrameworkCore.Metadata.Internal.InternalRelationshipBuilder.DependentToPrincipal(MemberInfo property, ConfigurationSource configurationSource)
   at Microsoft.EntityFrameworkCore.Metadata.Builders.CollectionNavigationBuilder.WithOneBuilder(PropertyIdentity reference)
   at Microsoft.EntityFrameworkCore.Metadata.Builders.CollectionNavigationBuilder`2.WithOne(Expression`1 navigationExpression)
   at Codenation.Challenge.Models.CodenationContext.&lt;&gt;c.&lt;OnModelCreating&gt;b__25_1(EntityTypeBuilder`1 eb) in C:\Users\luiz_\codenation\csharp-7\Source\Models\CodenationContext.cs:line 47
   at Microsoft.EntityFrameworkCore.ModelBuilder.Entity[TEntity](Action`1 buildAction)
   at Codenation.Challenge.Models.CodenationContext.OnModelCreating(ModelBuilder mb) in C:\Users\luiz_\codenation\csharp-7\Source\Models\CodenationContext.cs:line 37
   at Microsoft.EntityFrameworkCore.Infrastructure.ModelSource.CreateModel(DbContext context, IConventionSetBuilder conventionSetBuilder, IModelValidator validator)
   at System.Lazy`1.ViaFactory(LazyThreadSafetyMode mode)
--- End of stack trace from previous location where exception was thrown ---
   at System.Lazy`1.CreateValue()
   at Microsoft.EntityFrameworkCore.Internal.DbContextServices.CreateModel()
   at Microsoft.EntityFrameworkCore.Internal.DbContextServices.get_Model()
   at lambda_method(Closure , ServiceProviderEngineScope )
   at Microsoft.Extensions.DependencyInjection.ServiceProviderServiceExtensions.GetRequiredService(IServiceProvider provider, Type serviceType)
   at Microsoft.Extensions.DependencyInjection.ServiceProviderServiceExtensions.GetRequiredService[T](IServiceProvider provider)
   at Microsoft.EntityFrameworkCore.DbContext.get_DbContextDependencies()
   at Microsoft.EntityFrameworkCore.DbContext.get_InternalServiceProvider()
   at Microsoft.EntityFrameworkCore.DbContext.get_DbContextDependencies()
   at Microsoft.EntityFrameworkCore.DbContext.get_Model()
   at Codenation.Challenge.ModelBaseTest.GetEntity() in C:\Users\luiz_\codenation\csharp-7\Source.TestSubmission\ModelBaseTest.cs:line 26
   at Codenation.Challenge.ModelBaseTest.AssertPrimaryKeys(String[] keys) in C:\Users\luiz_\codenation\csharp-7\Source.TestSubmission\ModelBaseTest.cs:line 82
   at Codenation.Challenge.CompanyModelTest.Should_Has_Primary_Key() in C:\Users\luiz_\codenation\csharp-7\Source.TestSubmission\CompanyModelTest.cs:line 25</error>
    </testcase>
    <testcase classname="Codenation.Challenge.UserModelTest" name="Codenation.Challenge.UserModelTest.Should_Has_Table" time="0.0010000">
      <error message="System.InvalidOperationException : The property or navigation 'Challenge' cannot be added to the entity type 'Acceleration' because a property or navigation with the same name already exists on entity type 'Acceleration'.">   at Microsoft.EntityFrameworkCore.Metadata.Internal.EntityType.AddNavigation(PropertyIdentity propertyIdentity, ForeignKey foreignKey, Boolean pointsToPrincipal)
   at Microsoft.EntityFrameworkCore.Metadata.Internal.ForeignKey.Navigation(Nullable`1 propertyIdentity, ConfigurationSource configurationSource, Boolean pointsToPrincipal)
   at Microsoft.EntityFrameworkCore.Metadata.Internal.ForeignKey.HasDependentToPrincipal(MemberInfo property, ConfigurationSource configurationSource)
   at Microsoft.EntityFrameworkCore.Metadata.Internal.InternalRelationshipBuilder.Navigations(Nullable`1 navigationToPrincipal, Nullable`1 navigationToDependent, EntityType principalEntityType, EntityType dependentEntityType, Nullable`1 configurationSource)
   at Microsoft.EntityFrameworkCore.Metadata.Internal.InternalRelationshipBuilder.Navigations(Nullable`1 navigationToPrincipal, Nullable`1 navigationToDependent, Nullable`1 configurationSource)
   at Microsoft.EntityFrameworkCore.Metadata.Internal.InternalRelationshipBuilder.DependentToPrincipal(MemberInfo property, ConfigurationSource configurationSource)
   at Microsoft.EntityFrameworkCore.Metadata.Builders.CollectionNavigationBuilder.WithOneBuilder(PropertyIdentity reference)
   at Microsoft.EntityFrameworkCore.Metadata.Builders.CollectionNavigationBuilder`2.WithOne(Expression`1 navigationExpression)
   at Codenation.Challenge.Models.CodenationContext.&lt;&gt;c.&lt;OnModelCreating&gt;b__25_1(EntityTypeBuilder`1 eb) in C:\Users\luiz_\codenation\csharp-7\Source\Models\CodenationContext.cs:line 47
   at Microsoft.EntityFrameworkCore.ModelBuilder.Entity[TEntity](Action`1 buildAction)
   at Codenation.Challenge.Models.CodenationContext.OnModelCreating(ModelBuilder mb) in C:\Users\luiz_\codenation\csharp-7\Source\Models\CodenationContext.cs:line 37
   at Microsoft.EntityFrameworkCore.Infrastructure.ModelSource.CreateModel(DbContext context, IConventionSetBuilder conventionSetBuilder, IModelValidator validator)
   at System.Lazy`1.ViaFactory(LazyThreadSafetyMode mode)
--- End of stack trace from previous location where exception was thrown ---
   at System.Lazy`1.CreateValue()
   at Microsoft.EntityFrameworkCore.Internal.DbContextServices.CreateModel()
   at Microsoft.EntityFrameworkCore.Internal.DbContextServices.get_Model()
   at lambda_method(Closure , ServiceProviderEngineScope )
   at Microsoft.Extensions.DependencyInjection.ServiceProviderServiceExtensions.GetRequiredService(IServiceProvider provider, Type serviceType)
   at Microsoft.Extensions.DependencyInjection.ServiceProviderServiceExtensions.GetRequiredService[T](IServiceProvider provider)
   at Microsoft.EntityFrameworkCore.DbContext.get_DbContextDependencies()
   at Microsoft.EntityFrameworkCore.DbContext.get_InternalServiceProvider()
   at Microsoft.EntityFrameworkCore.DbContext.get_DbContextDependencies()
   at Microsoft.EntityFrameworkCore.DbContext.get_Model()
   at Codenation.Challenge.ModelBaseTest.GetEntity() in C:\Users\luiz_\codenation\csharp-7\Source.TestSubmission\ModelBaseTest.cs:line 26
   at Codenation.Challenge.ModelBaseTest.AssertChildrenNavigation(String navigationTable) in C:\Users\luiz_\codenation\csharp-7\Source.TestSubmission\ModelBaseTest.cs:line 133
   at Codenation.Challenge.CompanyModelTest.Should_Has_Children_Navigation(String childrenTable) in C:\Users\luiz_\codenation\csharp-7\Source.TestSubmission\CompanyModelTest.cs:line 42</error>
    </testcase>
    <testcase classname="Codenation.Challenge.UserModelTest" name="Codenation.Challenge.UserModelTest.Should_Has_Primary_Key" time="0.0020000">
      <error message="System.InvalidOperationException : The property or navigation 'Challenge' cannot be added to the entity type 'Acceleration' because a property or navigation with the same name already exists on entity type 'Acceleration'.">   at Microsoft.EntityFrameworkCore.Metadata.Internal.EntityType.AddNavigation(PropertyIdentity propertyIdentity, ForeignKey foreignKey, Boolean pointsToPrincipal)
   at Microsoft.EntityFrameworkCore.Metadata.Internal.ForeignKey.Navigation(Nullable`1 propertyIdentity, ConfigurationSource configurationSource, Boolean pointsToPrincipal)
   at Microsoft.EntityFrameworkCore.Metadata.Internal.ForeignKey.HasDependentToPrincipal(MemberInfo property, ConfigurationSource configurationSource)
   at Microsoft.EntityFrameworkCore.Metadata.Internal.InternalRelationshipBuilder.Navigations(Nullable`1 navigationToPrincipal, Nullable`1 navigationToDependent, EntityType principalEntityType, EntityType dependentEntityType, Nullable`1 configurationSource)
   at Microsoft.EntityFrameworkCore.Metadata.Internal.InternalRelationshipBuilder.Navigations(Nullable`1 navigationToPrincipal, Nullable`1 navigationToDependent, Nullable`1 configurationSource)
   at Microsoft.EntityFrameworkCore.Metadata.Internal.InternalRelationshipBuilder.DependentToPrincipal(MemberInfo property, ConfigurationSource configurationSource)
   at Microsoft.EntityFrameworkCore.Metadata.Builders.CollectionNavigationBuilder.WithOneBuilder(PropertyIdentity reference)
   at Microsoft.EntityFrameworkCore.Metadata.Builders.CollectionNavigationBuilder`2.WithOne(Expression`1 navigationExpression)
   at Codenation.Challenge.Models.CodenationContext.&lt;&gt;c.&lt;OnModelCreating&gt;b__25_1(EntityTypeBuilder`1 eb) in C:\Users\luiz_\codenation\csharp-7\Source\Models\CodenationContext.cs:line 47
   at Microsoft.EntityFrameworkCore.ModelBuilder.Entity[TEntity](Action`1 buildAction)
   at Codenation.Challenge.Models.CodenationContext.OnModelCreating(ModelBuilder mb) in C:\Users\luiz_\codenation\csharp-7\Source\Models\CodenationContext.cs:line 37
   at Microsoft.EntityFrameworkCore.Infrastructure.ModelSource.CreateModel(DbContext context, IConventionSetBuilder conventionSetBuilder, IModelValidator validator)
   at System.Lazy`1.ViaFactory(LazyThreadSafetyMode mode)
--- End of stack trace from previous location where exception was thrown ---
   at System.Lazy`1.CreateValue()
   at Microsoft.EntityFrameworkCore.Internal.DbContextServices.CreateModel()
   at Microsoft.EntityFrameworkCore.Internal.DbContextServices.get_Model()
   at lambda_method(Closure , ServiceProviderEngineScope )
   at Microsoft.Extensions.DependencyInjection.ServiceProviderServiceExtensions.GetRequiredService(IServiceProvider provider, Type serviceType)
   at Microsoft.Extensions.DependencyInjection.ServiceProviderServiceExtensions.GetRequiredService[T](IServiceProvider provider)
   at Microsoft.EntityFrameworkCore.DbContext.get_DbContextDependencies()
   at Microsoft.EntityFrameworkCore.DbContext.get_InternalServiceProvider()
   at Microsoft.EntityFrameworkCore.DbContext.get_DbContextDependencies()
   at Microsoft.EntityFrameworkCore.DbContext.get_Model()
   at Codenation.Challenge.ModelBaseTest.GetEntity() in C:\Users\luiz_\codenation\csharp-7\Source.TestSubmission\ModelBaseTest.cs:line 26
   at Codenation.Challenge.ModelBaseTest.AssertPrimaryKeys(String[] keys) in C:\Users\luiz_\codenation\csharp-7\Source.TestSubmission\ModelBaseTest.cs:line 82
   at Codenation.Challenge.UserModelTest.Should_Has_Primary_Key() in C:\Users\luiz_\codenation\csharp-7\Source.TestSubmission\UserModelTest.cs:line 25</error>
    </testcase>
    <testcase classname="Codenation.Challenge.UserModelTest" name="Codenation.Challenge.UserModelTest.Should_Has_Children_Navigation(childrenTable: &quot;candidate&quot;)" time="0.0020000">
      <error message="System.InvalidOperationException : The property or navigation 'Challenge' cannot be added to the entity type 'Acceleration' because a property or navigation with the same name already exists on entity type 'Acceleration'.">   at Microsoft.EntityFrameworkCore.Metadata.Internal.EntityType.AddNavigation(PropertyIdentity propertyIdentity, ForeignKey foreignKey, Boolean pointsToPrincipal)
   at Microsoft.EntityFrameworkCore.Metadata.Internal.ForeignKey.Navigation(Nullable`1 propertyIdentity, ConfigurationSource configurationSource, Boolean pointsToPrincipal)
   at Microsoft.EntityFrameworkCore.Metadata.Internal.ForeignKey.HasDependentToPrincipal(MemberInfo property, ConfigurationSource configurationSource)
   at Microsoft.EntityFrameworkCore.Metadata.Internal.InternalRelationshipBuilder.Navigations(Nullable`1 navigationToPrincipal, Nullable`1 navigationToDependent, EntityType principalEntityType, EntityType dependentEntityType, Nullable`1 configurationSource)
   at Microsoft.EntityFrameworkCore.Metadata.Internal.InternalRelationshipBuilder.Navigations(Nullable`1 navigationToPrincipal, Nullable`1 navigationToDependent, Nullable`1 configurationSource)
   at Microsoft.EntityFrameworkCore.Metadata.Internal.InternalRelationshipBuilder.DependentToPrincipal(MemberInfo property, ConfigurationSource configurationSource)
   at Microsoft.EntityFrameworkCore.Metadata.Builders.CollectionNavigationBuilder.WithOneBuilder(PropertyIdentity reference)
   at Microsoft.EntityFrameworkCore.Metadata.Builders.CollectionNavigationBuilder`2.WithOne(Expression`1 navigationExpression)
   at Codenation.Challenge.Models.CodenationContext.&lt;&gt;c.&lt;OnModelCreating&gt;b__25_1(EntityTypeBuilder`1 eb) in C:\Users\luiz_\codenation\csharp-7\Source\Models\CodenationContext.cs:line 47
   at Microsoft.EntityFrameworkCore.ModelBuilder.Entity[TEntity](Action`1 buildAction)
   at Codenation.Challenge.Models.CodenationContext.OnModelCreating(ModelBuilder mb) in C:\Users\luiz_\codenation\csharp-7\Source\Models\CodenationContext.cs:line 37
   at Microsoft.EntityFrameworkCore.Infrastructure.ModelSource.CreateModel(DbContext context, IConventionSetBuilder conventionSetBuilder, IModelValidator validator)
   at System.Lazy`1.ViaFactory(LazyThreadSafetyMode mode)
--- End of stack trace from previous location where exception was thrown ---
   at System.Lazy`1.CreateValue()
   at Microsoft.EntityFrameworkCore.Internal.DbContextServices.CreateModel()
   at Microsoft.EntityFrameworkCore.Internal.DbContextServices.get_Model()
   at lambda_method(Closure , ServiceProviderEngineScope )
   at Microsoft.Extensions.DependencyInjection.ServiceProviderServiceExtensions.GetRequiredService(IServiceProvider provider, Type serviceType)
   at Microsoft.Extensions.DependencyInjection.ServiceProviderServiceExtensions.GetRequiredService[T](IServiceProvider provider)
   at Microsoft.EntityFrameworkCore.DbContext.get_DbContextDependencies()
   at Microsoft.EntityFrameworkCore.DbContext.get_InternalServiceProvider()
   at Microsoft.EntityFrameworkCore.DbContext.get_DbContextDependencies()
   at Microsoft.EntityFrameworkCore.DbContext.get_Model()
   at Codenation.Challenge.ModelBaseTest.GetEntity() in C:\Users\luiz_\codenation\csharp-7\Source.TestSubmission\ModelBaseTest.cs:line 26
   at Codenation.Challenge.ModelBaseTest.AssertChildrenNavigation(String navigationTable) in C:\Users\luiz_\codenation\csharp-7\Source.TestSubmission\ModelBaseTest.cs:line 133
   at Codenation.Challenge.UserModelTest.Should_Has_Children_Navigation(String childrenTable) in C:\Users\luiz_\codenation\csharp-7\Source.TestSubmission\UserModelTest.cs:line 45</error>
    </testcase>
    <testcase classname="Codenation.Challenge.UserModelTest" name="Codenation.Challenge.UserModelTest.Should_Has_Children_Navigation(childrenTable: &quot;submission&quot;)" time="0.0030000">
      <error message="System.InvalidOperationException : The property or navigation 'Challenge' cannot be added to the entity type 'Acceleration' because a property or navigation with the same name already exists on entity type 'Acceleration'.">   at Microsoft.EntityFrameworkCore.Metadata.Internal.EntityType.AddNavigation(PropertyIdentity propertyIdentity, ForeignKey foreignKey, Boolean pointsToPrincipal)
   at Microsoft.EntityFrameworkCore.Metadata.Internal.ForeignKey.Navigation(Nullable`1 propertyIdentity, ConfigurationSource configurationSource, Boolean pointsToPrincipal)
   at Microsoft.EntityFrameworkCore.Metadata.Internal.ForeignKey.HasDependentToPrincipal(MemberInfo property, ConfigurationSource configurationSource)
   at Microsoft.EntityFrameworkCore.Metadata.Internal.InternalRelationshipBuilder.Navigations(Nullable`1 navigationToPrincipal, Nullable`1 navigationToDependent, EntityType principalEntityType, EntityType dependentEntityType, Nullable`1 configurationSource)
   at Microsoft.EntityFrameworkCore.Metadata.Internal.InternalRelationshipBuilder.Navigations(Nullable`1 navigationToPrincipal, Nullable`1 navigationToDependent, Nullable`1 configurationSource)
   at Microsoft.EntityFrameworkCore.Metadata.Internal.InternalRelationshipBuilder.DependentToPrincipal(MemberInfo property, ConfigurationSource configurationSource)
   at Microsoft.EntityFrameworkCore.Metadata.Builders.CollectionNavigationBuilder.WithOneBuilder(PropertyIdentity reference)
   at Microsoft.EntityFrameworkCore.Metadata.Builders.CollectionNavigationBuilder`2.WithOne(Expression`1 navigationExpression)
   at Codenation.Challenge.Models.CodenationContext.&lt;&gt;c.&lt;OnModelCreating&gt;b__25_1(EntityTypeBuilder`1 eb) in C:\Users\luiz_\codenation\csharp-7\Source\Models\CodenationContext.cs:line 47
   at Microsoft.EntityFrameworkCore.ModelBuilder.Entity[TEntity](Action`1 buildAction)
   at Codenation.Challenge.Models.CodenationContext.OnModelCreating(ModelBuilder mb) in C:\Users\luiz_\codenation\csharp-7\Source\Models\CodenationContext.cs:line 37
   at Microsoft.EntityFrameworkCore.Infrastructure.ModelSource.CreateModel(DbContext context, IConventionSetBuilder conventionSetBuilder, IModelValidator validator)
   at System.Lazy`1.ViaFactory(LazyThreadSafetyMode mode)
--- End of stack trace from previous location where exception was thrown ---
   at System.Lazy`1.CreateValue()
   at Microsoft.EntityFrameworkCore.Internal.DbContextServices.CreateModel()
   at Microsoft.EntityFrameworkCore.Internal.DbContextServices.get_Model()
   at lambda_method(Closure , ServiceProviderEngineScope )
   at Microsoft.Extensions.DependencyInjection.ServiceProviderServiceExtensions.GetRequiredService(IServiceProvider provider, Type serviceType)
   at Microsoft.Extensions.DependencyInjection.ServiceProviderServiceExtensions.GetRequiredService[T](IServiceProvider provider)
   at Microsoft.EntityFrameworkCore.DbContext.get_DbContextDependencies()
   at Microsoft.EntityFrameworkCore.DbContext.get_InternalServiceProvider()
   at Microsoft.EntityFrameworkCore.DbContext.get_DbContextDependencies()
   at Microsoft.EntityFrameworkCore.DbContext.get_Model()
   at Codenation.Challenge.ModelBaseTest.GetEntity() in C:\Users\luiz_\codenation\csharp-7\Source.TestSubmission\ModelBaseTest.cs:line 26
   at Codenation.Challenge.ModelBaseTest.AssertChildrenNavigation(String navigationTable) in C:\Users\luiz_\codenation\csharp-7\Source.TestSubmission\ModelBaseTest.cs:line 133
   at Codenation.Challenge.UserModelTest.Should_Has_Children_Navigation(String childrenTable) in C:\Users\luiz_\codenation\csharp-7\Source.TestSubmission\UserModelTest.cs:line 45</error>
    </testcase>
  </testsuite>
</testsuites>